2024-12-02 08:19:47,807: INFO: API_logger: URL details:https://api-m.sandbox.paypal.com/v1/oauth2/token
2024-12-02 08:19:47,808: INFO: API_logger: Header details:{'Content-Type': 'application/json', 'prefer': 'return=representation'},None
2024-12-02 08:19:47,808: INFO: API_logger: Payload details:None
2024-12-02 08:19:47,809: INFO: API_logger: status code:200
2024-12-02 08:19:47,809: INFO: API_logger: A21AAJe-zZzuNjnap_Z_uGsf4KPcIgcSMq6MA57V8NXwd0eu2DTU3tNdbbCoYnrUcyNlG0rkc4MlGAzQaAhonFiFaib-HPQRA
2024-12-02 08:19:49,089: INFO: API_logger: URL details:https://api-m.sandbox.paypal.com/v2/invoicing/generate-next-invoice-number
2024-12-02 08:19:49,090: INFO: API_logger: Header details:{'Content-Type': 'application/json', 'prefer': 'return=representation', 'Authorization': 'Bearer A21AAJe-zZzuNjnap_Z_uGsf4KPcIgcSMq6MA57V8NXwd0eu2DTU3tNdbbCoYnrUcyNlG0rkc4MlGAzQaAhonFiFaib-HPQRA'},None
2024-12-02 08:19:49,092: INFO: API_logger: Payload details:None
2024-12-02 08:19:49,092: INFO: API_logger: status code:200
2024-12-02 08:19:49,093: INFO: API_logger: Generated invoice Number: 0.4465254857298514
2024-12-02 08:19:49,722: INFO: API_logger: URL details:https://api-m.sandbox.paypal.com/v1/oauth2/token
2024-12-02 08:19:49,722: INFO: API_logger: Header details:{'Content-Type': 'application/json', 'prefer': 'return=representation', 'Authorization': 'Bearer <Utils.BaseClass.BaseClass object at 0x000001E1B7525A90>'},None
2024-12-02 08:19:49,723: INFO: API_logger: Payload details:None
2024-12-02 08:19:49,724: INFO: API_logger: status code:200
2024-12-02 08:19:49,724: INFO: API_logger: A21AAJe-zZzuNjnap_Z_uGsf4KPcIgcSMq6MA57V8NXwd0eu2DTU3tNdbbCoYnrUcyNlG0rkc4MlGAzQaAhonFiFaib-HPQRA
2024-12-02 08:19:50,728: INFO: API_logger: URL details:https://api-m.sandbox.paypal.com/v2/invoicing/invoices
2024-12-02 08:19:50,729: INFO: API_logger: Header details:{'Content-Type': 'application/json', 'prefer': 'return=representation', 'Authorization': 'Bearer A21AAJe-zZzuNjnap_Z_uGsf4KPcIgcSMq6MA57V8NXwd0eu2DTU3tNdbbCoYnrUcyNlG0rkc4MlGAzQaAhonFiFaib-HPQRA'},None
2024-12-02 08:19:50,730: INFO: API_logger: Payload details:{'detail': {'invoice_number': '0.4465254857298514', 'invoice_date': '2022-02-04', 'payment_term': {'term_type': 'NET_10', 'due_date': '2022-02-14'}, 'currency_code': 'USD', 'reference': '<The reference data. Includes a post office (PO) number.>', 'note': '<A note to the invoice recipient. Also appears on the invoice notification email.>', 'terms_and_conditions': '<The general terms of the invoice. Can include return or cancellation policy and other terms and conditions.>', 'memo': '<A private bookkeeping note for merchant.>'}, 'invoicer': {'name': {'given_name': 'David', 'surname': 'Larusso'}, 'address': {'address_line_1': '123 Townsend St', 'address_line_2': 'Floor 6', 'admin_area_2': 'San Francisco', 'admin_area_1': 'CA', 'postal_code': '94107', 'country_code': 'US'}, 'phones': [{'country_code': '001', 'national_number': '4085551234', 'phone_type': 'MOBILE'}], 'website': 'www.example.com', 'tax_id': 'XX-XXXXXXX', 'logo_url': 'https://example.com/logo.png', 'additional_notes': '<Any additional information. Includes business hours.>'}, 'primary_recipients': [{'billing_info': {'name': {'given_name': 'Stephanie', 'surname': 'Meyers'}, 'address': {'address_line_1': '1234 Main Street', 'admin_area_2': 'Anytown', 'admin_area_1': 'CA', 'postal_code': '98765', 'country_code': 'US'}, 'email_address': 'foobuyer@example.com', 'phones': [{'country_code': '001', 'national_number': '4884551234', 'phone_type': 'HOME'}], 'additional_info_value': 'add-info'}, 'shipping_info': {'name': {'given_name': 'Stephanie', 'surname': 'Meyers'}, 'address': {'address_line_1': '1234 Main Street', 'admin_area_2': 'Anytown', 'admin_area_1': 'CA', 'postal_code': '98765', 'country_code': 'US'}}}], 'items': [{'name': 'Yoga Mat', 'description': 'Elastic mat to practice yoga.', 'quantity': '1', 'unit_amount': {'currency_code': 'USD', 'value': '50.00'}, 'tax': {'name': 'Sales Tax', 'percent': '7.25'}, 'discount': {'percent': '5'}, 'unit_of_measure': 'QUANTITY'}, {'name': 'Yoga t-shirt', 'quantity': '1', 'unit_amount': {'currency_code': 'USD', 'value': '10.00'}, 'tax': {'name': 'Sales Tax', 'percent': '7.25'}, 'discount': {'amount': {'currency_code': 'USD', 'value': '5.00'}}, 'unit_of_measure': 'QUANTITY'}], 'configuration': {'partial_payment': {'allow_partial_payment': True, 'minimum_amount_due': {'currency_code': 'USD', 'value': '20.00'}}, 'allow_tip': True, 'tax_calculated_after_discount': True, 'tax_inclusive': False}, 'amount': {'breakdown': {'custom': {'label': 'Packing Charges', 'amount': {'currency_code': 'USD', 'value': '10.00'}}, 'shipping': {'amount': {'currency_code': 'USD', 'value': '10.00'}, 'tax': {'name': 'Sales Tax', 'percent': '7.25'}}, 'discount': {'invoice_discount': {'percent': '5'}}}}}
2024-12-02 08:19:50,731: INFO: API_logger: status code:201
2024-12-02 08:19:50,732: INFO: API_logger: Generated Invoice ID is: INV2-KJNW-GFMJ-66B3-VVK9
2024-12-02 08:19:51,657: INFO: API_logger: URL details:https://api-m.sandbox.paypal.com/v1/oauth2/token
2024-12-02 08:19:51,658: INFO: API_logger: Header details:{'Content-Type': 'application/json', 'prefer': 'return=representation', 'Authorization': 'Bearer <Utils.BaseClass.BaseClass object at 0x000001E1B7525A90>'},None
2024-12-02 08:19:51,658: INFO: API_logger: Payload details:None
2024-12-02 08:19:51,659: INFO: API_logger: status code:200
2024-12-02 08:19:51,660: INFO: API_logger: A21AAJe-zZzuNjnap_Z_uGsf4KPcIgcSMq6MA57V8NXwd0eu2DTU3tNdbbCoYnrUcyNlG0rkc4MlGAzQaAhonFiFaib-HPQRA
2024-12-02 08:19:52,937: INFO: API_logger: URL details:https://api-m.sandbox.paypal.com/v2/invoicing/invoices/INV2-KJNW-GFMJ-66B3-VVK9
2024-12-02 08:19:52,938: INFO: API_logger: {'id': 'INV2-KJNW-GFMJ-66B3-VVK9', 'status': 'DRAFT', 'detail': {'reference': '<The reference data. Includes a post office (PO) number.>', 'currency_code': 'USD', 'note': '<A note to the invoice recipient. Also appears on the invoice notification email.>', 'terms_and_conditions': '<The general terms of the invoice. Can include return or cancellation policy and other terms and conditions.>', 'memo': '<A private bookkeeping note for merchant.>', 'additional_data': '<Any additional information. Includes business hours.>', 'category_code': 'SHIPPABLE', 'invoice_number': '0.4465254857298514', 'invoice_date': '2022-02-04', 'payment_term': {'term_type': 'NET_10', 'due_date': '2022-02-14'}, 'viewed_by_recipient': False, 'group_draft': False, 'metadata': {'create_time': '2024-12-02T02:50:03Z', 'last_update_time': '2024-12-02T02:50:03Z', 'created_by_flow': 'REGULAR_SINGLE', 'recipient_view_url': 'https://www.sandbox.paypal.com/invoice/p/#KJNWGFMJ66B3VVK9', 'invoicer_view_url': 'https://www.sandbox.paypal.com/invoice/details/INV2-KJNW-GFMJ-66B3-VVK9', 'caller_type': 'API_V2_INVOICE', 'spam_info': {}}, 'archived': False}, 'invoicer': {'name': {'given_name': 'David', 'surname': 'Larusso', 'full_name': 'David Larusso'}, 'address': {'address_line_1': '123 Townsend St', 'address_line_2': 'Floor 6', 'admin_area_2': 'San Francisco', 'admin_area_1': 'CA', 'postal_code': '94107', 'country_code': 'US'}, 'phones': [{'country_code': '001', 'national_number': '4085551234', 'phone_type': 'MOBILE'}], 'website': 'www.example.com', 'tax_id': 'XX-XXXXXXX', 'additional_notes': '<Any additional information. Includes business hours.>', 'logo_url': 'https://example.com/logo.png'}, 'primary_recipients': [{'billing_info': {'name': {'given_name': 'Stephanie', 'surname': 'Meyers', 'full_name': 'Stephanie Meyers'}, 'address': {'address_line_1': '1234 Main Street', 'admin_area_2': 'Anytown', 'admin_area_1': 'CA', 'postal_code': '98765', 'country_code': 'US'}, 'email_address': 'foobuyer@example.com'}, 'shipping_info': {'name': {'given_name': 'Stephanie', 'surname': 'Meyers', 'full_name': 'Stephanie Meyers'}, 'address': {'address_line_1': '1234 Main Street', 'admin_area_2': 'Anytown', 'admin_area_1': 'CA', 'postal_code': '98765', 'country_code': 'US'}}}], 'items': [{'id': 'ITEM-7HS794288H548964L', 'name': 'Yoga Mat', 'description': 'Elastic mat to practice yoga.', 'quantity': '1', 'unit_amount': {'currency_code': 'USD', 'value': '50.00'}, 'tax': {'id': 'TAX-7Y84379857950925F', 'name': 'Sales Tax', 'percent': '7.25', 'amount': {'currency_code': 'USD', 'value': '3.27'}}, 'discount': {'percent': '5', 'amount': {'currency_code': 'USD', 'value': '-2.50'}}, 'unit_of_measure': 'QUANTITY'}, {'id': 'ITEM-58P9644150713693H', 'name': 'Yoga t-shirt', 'quantity': '1', 'unit_amount': {'currency_code': 'USD', 'value': '10.00'}, 'tax': {'id': 'TAX-7Y84379857950925F', 'name': 'Sales Tax', 'percent': '7.25', 'amount': {'currency_code': 'USD', 'value': '0.34'}}, 'discount': {'amount': {'currency_code': 'USD', 'value': '-5.00'}}, 'unit_of_measure': 'QUANTITY'}], 'configuration': {'tax_calculated_after_discount': True, 'tax_inclusive': False, 'allow_tip': True, 'partial_payment': {'allow_partial_payment': True, 'minimum_amount_due': {'currency_code': 'USD', 'value': '20.00'}}, 'template_id': 'TEMP-6S792670W70405533'}, 'amount': {'breakdown': {'item_total': {'currency_code': 'USD', 'value': '60.00'}, 'discount': {'invoice_discount': {'percent': '5', 'amount': {'currency_code': 'USD', 'value': '-2.63'}}, 'item_discount': {'currency_code': 'USD', 'value': '-7.50'}}, 'tax_total': {'currency_code': 'USD', 'value': '4.34'}, 'shipping': {'amount': {'currency_code': 'USD', 'value': '10.00'}, 'tax': {'id': 'TAX-7Y84379857950925F', 'name': 'Sales Tax', 'percent': '7.25', 'amount': {'currency_code': 'USD', 'value': '0.73'}}}, 'custom': {'label': 'Packing Charges', 'amount': {'currency_code': 'USD', 'value': '10.00'}}}, 'currency_code': 'USD', 'value': '74.21'}, 'due_amount': {'currency_code': 'USD', 'value': '74.21'}, 'links': [{'href': 'https://api.sandbox.paypal.com/v2/invoicing/invoices/INV2-KJNW-GFMJ-66B3-VVK9', 'rel': 'self', 'method': 'GET'}, {'href': 'https://api.sandbox.paypal.com/v2/invoicing/invoices/INV2-KJNW-GFMJ-66B3-VVK9/send', 'rel': 'send', 'method': 'POST'}, {'href': 'https://api.sandbox.paypal.com/v2/invoicing/invoices/INV2-KJNW-GFMJ-66B3-VVK9', 'rel': 'replace', 'method': 'PUT'}, {'href': 'https://api.sandbox.paypal.com/v2/invoicing/invoices/INV2-KJNW-GFMJ-66B3-VVK9', 'rel': 'delete', 'method': 'DELETE'}, {'href': 'https://api.sandbox.paypal.com/v2/invoicing/invoices/INV2-KJNW-GFMJ-66B3-VVK9/payments', 'rel': 'record-payment', 'method': 'POST'}], 'unilateral': False}
2024-12-02 08:19:52,941: INFO: API_logger: Successfully retrieved invoice details for ID: INV2-KJNW-GFMJ-66B3-VVK9
2024-12-02 08:19:53,887: INFO: API_logger: URL details:https://api-m.sandbox.paypal.com/v1/oauth2/token
2024-12-02 08:19:53,888: INFO: API_logger: Header details:{'Content-Type': 'application/json', 'prefer': 'return=representation', 'Authorization': 'Bearer A21AAJe-zZzuNjnap_Z_uGsf4KPcIgcSMq6MA57V8NXwd0eu2DTU3tNdbbCoYnrUcyNlG0rkc4MlGAzQaAhonFiFaib-HPQRA'},None
2024-12-02 08:19:53,888: INFO: API_logger: Payload details:None
2024-12-02 08:19:53,888: INFO: API_logger: status code:200
2024-12-02 08:19:53,888: INFO: API_logger: A21AAJe-zZzuNjnap_Z_uGsf4KPcIgcSMq6MA57V8NXwd0eu2DTU3tNdbbCoYnrUcyNlG0rkc4MlGAzQaAhonFiFaib-HPQRA
2024-12-02 08:19:55,491: INFO: API_logger: URL details:https://api-m.sandbox.paypal.com/v2/invoicing/invoices/INV2-KJNW-GFMJ-66B3-VVK9
2024-12-02 08:19:55,492: INFO: API_logger: Header details:{'Content-Type': 'application/json', 'prefer': 'return=representation', 'Authorization': 'Bearer A21AAJe-zZzuNjnap_Z_uGsf4KPcIgcSMq6MA57V8NXwd0eu2DTU3tNdbbCoYnrUcyNlG0rkc4MlGAzQaAhonFiFaib-HPQRA'},None
2024-12-02 08:19:55,493: INFO: API_logger: Payload details:{'id': 'INV2-KJNW-GFMJ-66B3-VVK9', 'status': 'DRAFT', 'detail': {'invoice_number': 0.2462615804401378, 'reference': 'deal-reference-update', 'invoice_date': '2018-11-12', 'currency_code': 'USD', 'note': 'Thank you for your business.', 'term': 'No refunds after 30 days.', 'memo': 'This is a long contract', 'payment_term': {'term_type': 'NET_10', 'due_date': '2018-11-22'}}, 'invoicer': {'name': {'given_name': 'David', 'surname': 'Larusso'}, 'address': {'address_line_1': '1234 First Street', 'address_line_2': '337673 Hillside Court', 'admin_area_2': 'Anytown', 'admin_area_1': 'CA', 'postal_code': '98765', 'country_code': 'US'}, 'phones': [{'country_code': '001', 'national_number': '4085551234', 'phone_type': 'MOBILE'}], 'website': 'www.test.com', 'tax_id': 'ABcNkWSfb5ICTt73nD3QON1fnnpgNKBy-Jb5SeuGj185MNNw6g', 'logo_url': 'https://example.com/logo.PNG', 'additional_notes': '2-4'}, 'primary_recipients': [{'billing_info': {'name': {'given_name': 'Stephanie', 'surname': 'Meyers'}, 'address': {'address_line_1': '1234 Main Street', 'admin_area_2': 'Anytown', 'admin_area_1': 'CA', 'postal_code': '98765', 'country_code': 'US'}, 'email_address': 'foobuyer@gmail.com', 'phones': [{'country_code': '001', 'national_number': '4884551234', 'phone_type': 'HOME'}], 'additional_info_value': 'add-info'}, 'shipping_info': {'name': {'given_name': 'Stephanie', 'surname': 'Meyers'}, 'address': {'address_line_1': '1234 Main Street', 'admin_area_2': 'Anytown', 'admin_area_1': 'CA', 'postal_code': '98765', 'country_code': 'US'}}}], 'items': [{'name': 'Yoga Mat', 'description': 'Elastic mat to practice yoga.', 'quantity': '1', 'unit_amount': {'currency_code': 'USD', 'value': '50.00'}, 'tax': {'name': 'Sales Tax', 'percent': '7.25', 'amount': {'currency_code': 'USD', 'value': '3.27'}}, 'discount': {'percent': '5', 'amount': {'currency_code': 'USD', 'value': '2.5'}}, 'unit_of_measure': 'QUANTITY'}, {'name': 'Yoga t-shirt', 'quantity': '1', 'unit_amount': {'currency_code': 'USD', 'value': '10.00'}, 'tax': {'name': 'Sales Tax', 'percent': '7.25', 'amount': {'currency_code': 'USD', 'value': '0.34'}}, 'discount': {'amount': {'currency_code': 'USD', 'value': '5.00'}}, 'unit_of_measure': 'QUANTITY'}], 'configuration': {'partial_payment': {'allow_partial_payment': True, 'minimum_amount_due': {'currency_code': 'USD', 'value': '20.00'}}, 'allow_tip': True, 'tax_calculated_after_discount': True, 'tax_inclusive': False}, 'amount': {'currency_code': 'USD', 'value': '74.21', 'breakdown': {'item_total': {'currency_code': 'USD', 'value': '60.00'}, 'custom': {'label': 'Packing Charges', 'amount': {'currency_code': 'USD', 'value': '10.00'}}, 'shipping': {'amount': {'currency_code': 'USD', 'value': '10.00'}, 'tax': {'name': 'Sales Tax', 'percent': '7.25', 'amount': {'currency_code': 'USD', 'value': '0.73'}}}, 'discount': {'item_discount': {'currency_code': 'USD', 'value': '-7.50'}, 'invoice_discount': {'percent': '5', 'amount': {'currency_code': 'USD', 'value': '-2.63'}}}, 'tax_total': {'currency_code': 'USD', 'value': '4.34'}}}}
2024-12-02 08:19:55,494: INFO: API_logger: status code:200
2024-12-02 08:19:55,495: INFO: API_logger: {'id': 'INV2-KJNW-GFMJ-66B3-VVK9', 'status': 'DRAFT', 'detail': {'reference': 'deal-reference-update', 'currency_code': 'USD', 'note': 'Thank you for your business.', 'memo': 'This is a long contract', 'additional_data': '2-4', 'category_code': 'SHIPPABLE', 'invoice_number': '0.2462615804401378', 'invoice_date': '2018-11-12', 'payment_term': {'term_type': 'NET_10', 'due_date': '2018-11-22'}, 'viewed_by_recipient': False, 'group_draft': False, 'metadata': {'create_time': '2024-12-02T02:50:03Z', 'last_update_time': '2024-12-02T02:50:08Z', 'created_by_flow': 'REGULAR_SINGLE', 'recipient_view_url': 'https://www.sandbox.paypal.com/invoice/p/#KJNWGFMJ66B3VVK9', 'invoicer_view_url': 'https://www.sandbox.paypal.com/invoice/details/INV2-KJNW-GFMJ-66B3-VVK9', 'caller_type': 'API_V2_INVOICE', 'spam_info': {}}, 'archived': False}, 'invoicer': {'name': {'given_name': 'David', 'surname': 'Larusso', 'full_name': 'David Larusso'}, 'address': {'address_line_1': '1234 First Street', 'address_line_2': '337673 Hillside Court', 'admin_area_2': 'Anytown', 'admin_area_1': 'CA', 'postal_code': '98765', 'country_code': 'US'}, 'phones': [{'country_code': '001', 'national_number': '4085551234', 'phone_type': 'MOBILE'}], 'website': 'www.test.com', 'tax_id': 'ABcNkWSfb5ICTt73nD3QON1fnnpgNKBy-Jb5SeuGj185MNNw6g', 'additional_notes': '2-4', 'logo_url': 'https://example.com/logo.PNG'}, 'primary_recipients': [{'billing_info': {'name': {'given_name': 'Stephanie', 'surname': 'Meyers', 'full_name': 'Stephanie Meyers'}, 'address': {'address_line_1': '1234 Main Street', 'admin_area_2': 'Anytown', 'admin_area_1': 'CA', 'postal_code': '98765', 'country_code': 'US'}, 'email_address': 'foobuyer@gmail.com'}, 'shipping_info': {'name': {'given_name': 'Stephanie', 'surname': 'Meyers', 'full_name': 'Stephanie Meyers'}, 'address': {'address_line_1': '1234 Main Street', 'admin_area_2': 'Anytown', 'admin_area_1': 'CA', 'postal_code': '98765', 'country_code': 'US'}}}], 'items': [{'id': 'ITEM-7HS794288H548964L', 'name': 'Yoga Mat', 'description': 'Elastic mat to practice yoga.', 'quantity': '1', 'unit_amount': {'currency_code': 'USD', 'value': '50.00'}, 'tax': {'id': 'TAX-7Y84379857950925F', 'name': 'Sales Tax', 'percent': '7.25', 'amount': {'currency_code': 'USD', 'value': '3.27'}}, 'discount': {'percent': '5', 'amount': {'currency_code': 'USD', 'value': '-2.50'}}, 'unit_of_measure': 'QUANTITY'}, {'id': 'ITEM-58P9644150713693H', 'name': 'Yoga t-shirt', 'quantity': '1', 'unit_amount': {'currency_code': 'USD', 'value': '10.00'}, 'tax': {'id': 'TAX-7Y84379857950925F', 'name': 'Sales Tax', 'percent': '7.25', 'amount': {'currency_code': 'USD', 'value': '0.34'}}, 'discount': {'amount': {'currency_code': 'USD', 'value': '-5.00'}}, 'unit_of_measure': 'QUANTITY'}], 'configuration': {'tax_calculated_after_discount': True, 'tax_inclusive': False, 'allow_tip': True, 'partial_payment': {'allow_partial_payment': True, 'minimum_amount_due': {'currency_code': 'USD', 'value': '20.00'}}, 'template_id': 'TEMP-6S792670W70405533'}, 'amount': {'breakdown': {'item_total': {'currency_code': 'USD', 'value': '60.00'}, 'discount': {'invoice_discount': {'percent': '5', 'amount': {'currency_code': 'USD', 'value': '-2.63'}}, 'item_discount': {'currency_code': 'USD', 'value': '-7.50'}}, 'tax_total': {'currency_code': 'USD', 'value': '4.34'}, 'shipping': {'amount': {'currency_code': 'USD', 'value': '10.00'}, 'tax': {'id': 'TAX-7Y84379857950925F', 'name': 'Sales Tax', 'percent': '7.25', 'amount': {'currency_code': 'USD', 'value': '0.73'}}}, 'custom': {'label': 'Packing Charges', 'amount': {'currency_code': 'USD', 'value': '10.00'}}}, 'currency_code': 'USD', 'value': '74.21'}, 'due_amount': {'currency_code': 'USD', 'value': '74.21'}, 'links': [{'href': 'https://api.sandbox.paypal.com/v2/invoicing/invoices/INV2-KJNW-GFMJ-66B3-VVK9', 'rel': 'self', 'method': 'GET'}, {'href': 'https://api.sandbox.paypal.com/v2/invoicing/invoices/INV2-KJNW-GFMJ-66B3-VVK9/send', 'rel': 'send', 'method': 'POST'}, {'href': 'https://api.sandbox.paypal.com/v2/invoicing/invoices/INV2-KJNW-GFMJ-66B3-VVK9', 'rel': 'replace', 'method': 'PUT'}, {'href': 'https://api.sandbox.paypal.com/v2/invoicing/invoices/INV2-KJNW-GFMJ-66B3-VVK9', 'rel': 'delete', 'method': 'DELETE'}, {'href': 'https://api.sandbox.paypal.com/v2/invoicing/invoices/INV2-KJNW-GFMJ-66B3-VVK9/payments', 'rel': 'record-payment', 'method': 'POST'}], 'unilateral': False}
2024-12-02 08:19:56,454: INFO: API_logger: URL details:https://api-m.sandbox.paypal.com/v1/oauth2/token
2024-12-02 08:19:56,455: INFO: API_logger: Header details:{'Content-Type': 'application/json', 'prefer': 'return=representation', 'Authorization': 'Bearer <Utils.BaseClass.BaseClass object at 0x000001E1B7525A90>'},None
2024-12-02 08:19:56,456: INFO: API_logger: Payload details:None
2024-12-02 08:19:56,456: INFO: API_logger: status code:200
2024-12-02 08:19:56,457: INFO: API_logger: A21AAJe-zZzuNjnap_Z_uGsf4KPcIgcSMq6MA57V8NXwd0eu2DTU3tNdbbCoYnrUcyNlG0rkc4MlGAzQaAhonFiFaib-HPQRA
2024-12-02 08:19:57,075: INFO: API_logger: URL details:https://api-m.sandbox.paypal.com/v2/invoicing/invoices/INV2-KJNW-GFMJ-66B3-VVK9
2024-12-02 08:19:58,049: INFO: API_logger: URL details:https://api-m.sandbox.paypal.com/v1/oauth2/token
2024-12-02 08:19:58,050: INFO: API_logger: Header details:{'Content-Type': 'application/json', 'prefer': 'return=representation', 'Authorization': 'Bearer A21AAJe-zZzuNjnap_Z_uGsf4KPcIgcSMq6MA57V8NXwd0eu2DTU3tNdbbCoYnrUcyNlG0rkc4MlGAzQaAhonFiFaib-HPQRA'},None
2024-12-02 08:19:58,050: INFO: API_logger: Payload details:None
2024-12-02 08:19:58,050: INFO: API_logger: status code:200
2024-12-02 08:19:58,051: INFO: API_logger: A21AAJe-zZzuNjnap_Z_uGsf4KPcIgcSMq6MA57V8NXwd0eu2DTU3tNdbbCoYnrUcyNlG0rkc4MlGAzQaAhonFiFaib-HPQRA
2024-12-02 08:19:59,028: INFO: API_logger: URL details:https://api-m.sandbox.paypal.com/v1/oauth2/token
2024-12-02 08:19:59,029: INFO: API_logger: Header details:{'Content-Type': 'application/json', 'prefer': 'return=representation', 'Authorization': 'Bearer A21AAJe-zZzuNjnap_Z_uGsf4KPcIgcSMq6MA57V8NXwd0eu2DTU3tNdbbCoYnrUcyNlG0rkc4MlGAzQaAhonFiFaib-HPQRA'},None
2024-12-02 08:19:59,029: INFO: API_logger: Payload details:None
2024-12-02 08:19:59,029: INFO: API_logger: status code:200
2024-12-02 08:20:00,005: INFO: API_logger: URL details:https://api-m.sandbox.paypal.com/v1/oauth2/token
2024-12-02 08:20:00,008: INFO: API_logger: Header details:{'Content-Type': 'application/json', 'prefer': 'return=representation', 'Authorization': 'Bearer <Utils.BaseClass.BaseClass object at 0x000001E1B7525A90>'},None
2024-12-02 08:20:00,009: INFO: API_logger: Payload details:None
2024-12-02 08:20:00,010: INFO: API_logger: status code:200
2024-12-02 08:20:00,012: INFO: API_logger: A21AAJe-zZzuNjnap_Z_uGsf4KPcIgcSMq6MA57V8NXwd0eu2DTU3tNdbbCoYnrUcyNlG0rkc4MlGAzQaAhonFiFaib-HPQRA
2024-12-02 08:20:00,941: INFO: API_logger: URL details:https://api-m.sandbox.paypal.com/v1/oauth2/token
2024-12-02 08:20:00,942: INFO: API_logger: Header details:{'Content-Type': 'application/json', 'prefer': 'return=representation', 'Authorization': 'Bearer A21AAJe-zZzuNjnap_Z_uGsf4KPcIgcSMq6MA57V8NXwd0eu2DTU3tNdbbCoYnrUcyNlG0rkc4MlGAzQaAhonFiFaib-HPQRA'},None
2024-12-02 08:20:00,943: INFO: API_logger: Payload details:None
2024-12-02 08:20:00,944: INFO: API_logger: status code:401
2024-12-02 08:20:00,945: CRITICAL: API_logger: POST request failed:401 Client Error: Unauthorized for url: https://api-m.sandbox.paypal.com/v1/oauth2/token
2024-12-02 08:20:01,969: INFO: API_logger: URL details:https://api-m.sandbox.paypal.com/v1/oauth2/token
2024-12-02 08:20:01,970: INFO: API_logger: Header details:{'Content-Type': 'application/json', 'prefer': 'return=representation', 'Authorization': 'Bearer <Utils.BaseClass.BaseClass object at 0x000001E1B7525A90>'},None
2024-12-02 08:20:01,971: INFO: API_logger: Payload details:None
2024-12-02 08:20:01,971: INFO: API_logger: status code:200
2024-12-02 08:20:01,972: INFO: API_logger: A21AAJe-zZzuNjnap_Z_uGsf4KPcIgcSMq6MA57V8NXwd0eu2DTU3tNdbbCoYnrUcyNlG0rkc4MlGAzQaAhonFiFaib-HPQRA
2024-12-02 08:20:02,682: INFO: API_logger: URL details:https://api-m.sandbox.paypal.com/v1/oauth2/token
2024-12-02 08:20:02,683: INFO: API_logger: Header details:{'Content-Type': 'application/json', 'prefer': 'return=representation', 'Authorization': 'Bearer A21AAJe-zZzuNjnap_Z_uGsf4KPcIgcSMq6MA57V8NXwd0eu2DTU3tNdbbCoYnrUcyNlG0rkc4MlGAzQaAhonFiFaib-HPQRA'},None
2024-12-02 08:20:02,683: INFO: API_logger: Payload details:None
2024-12-02 08:20:02,683: INFO: API_logger: status code:200
2024-12-02 08:20:02,684: INFO: API_logger: A21AAJe-zZzuNjnap_Z_uGsf4KPcIgcSMq6MA57V8NXwd0eu2DTU3tNdbbCoYnrUcyNlG0rkc4MlGAzQaAhonFiFaib-HPQRA
2024-12-02 08:20:03,816: INFO: API_logger: URL details:https://api-m.sandbox.paypal.com/v2/invoicing/generate-next-invoice-number
2024-12-02 08:20:03,816: INFO: API_logger: Header details:{'Content-Type': 'application/json', 'prefer': 'return=representation'},None
2024-12-02 08:20:03,817: INFO: API_logger: Payload details:None
2024-12-02 08:20:03,817: INFO: API_logger: status code:401
2024-12-02 08:20:03,817: CRITICAL: API_logger: POST request failed:401 Client Error: Unauthorized for url: https://api-m.sandbox.paypal.com/v2/invoicing/generate-next-invoice-number
2024-12-02 08:20:04,243: INFO: API_logger: URL details:https://api-m.sandbox.paypal.com/v1/oauth2/token
2024-12-02 08:20:04,244: INFO: API_logger: Header details:{'Content-Type': 'application/json', 'prefer': 'return=representation', 'Authorization': 'Bearer <Utils.BaseClass.BaseClass object at 0x000001E1B7525A90>'},None
2024-12-02 08:20:04,244: INFO: API_logger: Payload details:None
2024-12-02 08:20:04,245: INFO: API_logger: status code:200
2024-12-02 08:20:04,246: INFO: API_logger: A21AAJe-zZzuNjnap_Z_uGsf4KPcIgcSMq6MA57V8NXwd0eu2DTU3tNdbbCoYnrUcyNlG0rkc4MlGAzQaAhonFiFaib-HPQRA
2024-12-02 08:20:04,884: INFO: API_logger: URL details:https://api-m.sandbox.paypal.com/v2/invoicing/invoices
2024-12-02 08:20:04,886: INFO: API_logger: List of invoice ID: ['INV2-4C4C-SL7Z-89MS-4JTN', 'INV2-H8JJ-FPBE-EX3B-6WML', 'INV2-3RXA-K9RJ-6UVZ-E4FZ', 'INV2-2ECA-XGNS-6L2J-TR2Z', 'INV2-Q2JJ-GBVZ-C2CL-YQCH', 'INV2-E5MC-LSDE-VSAT-V766', 'INV2-5MD4-JX48-QMK2-VR7W', 'INV2-458T-3ZTP-5WXH-QYFF', 'INV2-S5GK-5GPQ-JMX5-RHQP', 'INV2-C93M-VX4M-Y5G4-ELPB']
2024-12-02 08:20:04,886: INFO: API_logger: ID not present
