2024-12-02 15:57:04,948: INFO: API_logger: URL details:https://api-m.sandbox.paypal.com/v1/oauth2/token
2024-12-02 15:57:04,948: INFO: API_logger: Header details:{'Content-Type': 'application/json', 'prefer': 'return=representation'},None
2024-12-02 15:57:04,948: INFO: API_logger: Payload details:None
2024-12-02 15:57:04,949: INFO: API_logger: status code:200
2024-12-02 15:57:04,949: INFO: API_logger: A21AAI6Mw7IlRRZ1_VTkWMrUhNG8Tb-9Lre_rc5Wh2DR2GRgpABzxActZv45D17jEro4f7fA65TkIUVFs50E3fNQgu6HnvG1g
2024-12-02 15:57:05,543: INFO: API_logger: URL details:https://api-m.sandbox.paypal.com/v1/catalogs/products
2024-12-02 15:57:05,543: INFO: API_logger: Header details:{'Content-Type': 'application/json', 'prefer': 'return=representation', 'Authorization': 'Bearer A21AAI6Mw7IlRRZ1_VTkWMrUhNG8Tb-9Lre_rc5Wh2DR2GRgpABzxActZv45D17jEro4f7fA65TkIUVFs50E3fNQgu6HnvG1g'},None
2024-12-02 15:57:05,544: INFO: API_logger: Payload details:{'name': 'T-shirt', 'type': 'PHYSICAL', 'id': 2345678986, 'description': 'Cotton XL', 'category': 'CLOTHING', 'image_url': 'https://example.com/gallary/images/2345678986.jpg', 'home_url': 'https://example.com/catalog/2345678986.jpg'}
2024-12-02 15:57:05,544: INFO: API_logger: status code:422
2024-12-02 15:57:05,544: CRITICAL: API_logger: POST request failed:422 Client Error: Unknown Error for url: https://api-m.sandbox.paypal.com/v1/catalogs/products
2024-12-02 15:57:05,544: INFO: API_logger: Expected status code 201, but got 422
2024-12-02 15:57:05,544: CRITICAL: API_logger: Request failed: None
2024-12-02 15:57:06,101: INFO: API_logger: URL details:https://api-m.sandbox.paypal.com/v1/oauth2/token
2024-12-02 15:57:06,102: INFO: API_logger: Header details:{'Content-Type': 'application/json', 'prefer': 'return=representation', 'Authorization': 'Bearer <Utils.BaseClass.BaseClass object at 0x000001D9481A4860>'},None
2024-12-02 15:57:06,102: INFO: API_logger: Payload details:None
2024-12-02 15:57:06,102: INFO: API_logger: status code:200
2024-12-02 15:57:06,103: INFO: API_logger: A21AAI6Mw7IlRRZ1_VTkWMrUhNG8Tb-9Lre_rc5Wh2DR2GRgpABzxActZv45D17jEro4f7fA65TkIUVFs50E3fNQgu6HnvG1g
2024-12-02 15:57:06,109: CRITICAL: API_logger: POST request failed:Out of range float values are not JSON compliant: nan
2024-12-02 15:57:06,109: CRITICAL: API_logger: Expected response, got None
2024-12-02 15:57:06,109: CRITICAL: API_logger: Request failed: None
2024-12-02 15:57:07,021: INFO: API_logger: URL details:https://api-m.sandbox.paypal.com/v1/oauth2/token
2024-12-02 15:57:07,021: INFO: API_logger: Header details:{'Content-Type': 'application/json', 'prefer': 'return=representation', 'Authorization': 'Bearer A21AAI6Mw7IlRRZ1_VTkWMrUhNG8Tb-9Lre_rc5Wh2DR2GRgpABzxActZv45D17jEro4f7fA65TkIUVFs50E3fNQgu6HnvG1g'},None
2024-12-02 15:57:07,021: INFO: API_logger: Payload details:None
2024-12-02 15:57:07,022: INFO: API_logger: status code:200
2024-12-02 15:57:07,022: INFO: API_logger: A21AAI6Mw7IlRRZ1_VTkWMrUhNG8Tb-9Lre_rc5Wh2DR2GRgpABzxActZv45D17jEro4f7fA65TkIUVFs50E3fNQgu6HnvG1g
2024-12-02 15:57:08,079: INFO: API_logger: URL details:https://api-m.sandbox.paypal.com/v1/catalogs/products
2024-12-02 15:57:08,080: INFO: API_logger: Header details:{'Content-Type': 'application/json', 'prefer': 'return=representation', 'Authorization': 'Bearer A21AAI6Mw7IlRRZ1_VTkWMrUhNG8Tb-9Lre_rc5Wh2DR2GRgpABzxActZv45D17jEro4f7fA65TkIUVFs50E3fNQgu6HnvG1g'},None
2024-12-02 15:57:08,080: INFO: API_logger: Payload details:{'name': 'Kurtha', 'type': '5232342', 'id': 7654323456, 'description': 'Cotton XL', 'category': 'CLOTHING', 'image_url': 'https://example.com/gallary/images/7654323456.jpg', 'home_url': 'https://example.com/catalog/7654323456.jpg'}
2024-12-02 15:57:08,081: INFO: API_logger: status code:400
2024-12-02 15:57:08,081: CRITICAL: API_logger: POST request failed:400 Client Error: Bad Request for url: https://api-m.sandbox.paypal.com/v1/catalogs/products
2024-12-02 15:57:08,082: INFO: API_logger: Response JSON: {'name': 'INVALID_REQUEST', 'message': 'Request is not well-formed, syntactically incorrect, or violates schema.', 'debug_id': 'f27442084cb68', 'details': [{'field': '/type', 'value': '5232342', 'location': 'body', 'issue': 'INVALID_PARAMETER_VALUE', 'description': 'The value of a field is invalid.'}], 'links': [{'href': 'https://developer.paypal.com/docs/api/v1/billing/subscriptions#INVALID_REQUEST', 'rel': 'information_link', 'method': 'GET'}]}
