2024-12-03 00:49:20,801: INFO: API_logger: URL details:https://api-m.sandbox.paypal.com/v1/oauth2/token
2024-12-03 00:49:20,802: INFO: API_logger: Header details:{'Content-Type': 'application/json', 'prefer': 'return=representation'},None
2024-12-03 00:49:20,802: INFO: API_logger: Payload details:None
2024-12-03 00:49:20,802: INFO: API_logger: status code:200
2024-12-03 00:49:20,802: INFO: API_logger: A21AAIxDjvFmbem5D7I2sizqsIe_6Mw6SJLa8Bt2f0eflhLSNRk2sISE6fzcbVwawmHf4FD07UjJv0TL9PYMnq3l5k_V0ZVkA
2024-12-03 00:49:21,698: INFO: API_logger: URL details:https://api-m.sandbox.paypal.com/v2/invoicing/generate-next-invoice-number
2024-12-03 00:49:21,699: INFO: API_logger: Header details:{'Content-Type': 'application/json', 'prefer': 'return=representation', 'Authorization': 'Bearer A21AAIxDjvFmbem5D7I2sizqsIe_6Mw6SJLa8Bt2f0eflhLSNRk2sISE6fzcbVwawmHf4FD07UjJv0TL9PYMnq3l5k_V0ZVkA'},None
2024-12-03 00:49:21,701: INFO: API_logger: Payload details:None
2024-12-03 00:49:21,702: INFO: API_logger: status code:200
2024-12-03 00:49:21,703: INFO: API_logger: Generated invoice Number: 0.4889473589024904
2024-12-03 00:49:22,051: INFO: API_logger: URL details:https://api-m.sandbox.paypal.com/v1/oauth2/token
2024-12-03 00:49:22,051: INFO: API_logger: Header details:{'Content-Type': 'application/json', 'prefer': 'return=representation', 'Authorization': 'Bearer <Utils.BaseClass.BaseClass object at 0x0000018D96B597F0>'},None
2024-12-03 00:49:22,052: INFO: API_logger: Payload details:None
2024-12-03 00:49:22,052: INFO: API_logger: status code:200
2024-12-03 00:49:22,052: INFO: API_logger: A21AAIxDjvFmbem5D7I2sizqsIe_6Mw6SJLa8Bt2f0eflhLSNRk2sISE6fzcbVwawmHf4FD07UjJv0TL9PYMnq3l5k_V0ZVkA
2024-12-03 00:49:23,187: INFO: API_logger: URL details:https://api-m.sandbox.paypal.com/v2/invoicing/invoices
2024-12-03 00:49:23,187: INFO: API_logger: Header details:{'Content-Type': 'application/json', 'prefer': 'return=representation', 'Authorization': 'Bearer A21AAIxDjvFmbem5D7I2sizqsIe_6Mw6SJLa8Bt2f0eflhLSNRk2sISE6fzcbVwawmHf4FD07UjJv0TL9PYMnq3l5k_V0ZVkA'},None
2024-12-03 00:49:23,188: INFO: API_logger: Payload details:{'detail': {'invoice_number': '0.4889473589024904', 'invoice_date': '2022-02-04', 'payment_term': {'term_type': 'NET_10', 'due_date': '2022-02-14'}, 'currency_code': 'USD', 'reference': '<The reference data. Includes a post office (PO) number.>', 'note': '<A note to the invoice recipient. Also appears on the invoice notification email.>', 'terms_and_conditions': '<The general terms of the invoice. Can include return or cancellation policy and other terms and conditions.>', 'memo': '<A private bookkeeping note for merchant.>'}, 'invoicer': {'name': {'given_name': 'David', 'surname': 'Larusso'}, 'address': {'address_line_1': '123 Townsend St', 'address_line_2': 'Floor 6', 'admin_area_2': 'San Francisco', 'admin_area_1': 'CA', 'postal_code': '94107', 'country_code': 'US'}, 'phones': [{'country_code': '001', 'national_number': '4085551234', 'phone_type': 'MOBILE'}], 'website': 'www.example.com', 'tax_id': 'XX-XXXXXXX', 'logo_url': 'https://example.com/logo.png', 'additional_notes': '<Any additional information. Includes business hours.>'}, 'primary_recipients': [{'billing_info': {'name': {'given_name': 'Stephanie', 'surname': 'Meyers'}, 'address': {'address_line_1': '1234 Main Street', 'admin_area_2': 'Anytown', 'admin_area_1': 'CA', 'postal_code': '98765', 'country_code': 'US'}, 'email_address': 'foobuyer@example.com', 'phones': [{'country_code': '001', 'national_number': '4884551234', 'phone_type': 'HOME'}], 'additional_info_value': 'add-info'}, 'shipping_info': {'name': {'given_name': 'Stephanie', 'surname': 'Meyers'}, 'address': {'address_line_1': '1234 Main Street', 'admin_area_2': 'Anytown', 'admin_area_1': 'CA', 'postal_code': '98765', 'country_code': 'US'}}}], 'items': [{'name': 'Yoga Mat', 'description': 'Elastic mat to practice yoga.', 'quantity': '1', 'unit_amount': {'currency_code': 'USD', 'value': '50.00'}, 'tax': {'name': 'Sales Tax', 'percent': '7.25'}, 'discount': {'percent': '5'}, 'unit_of_measure': 'QUANTITY'}, {'name': 'Yoga t-shirt', 'quantity': '1', 'unit_amount': {'currency_code': 'USD', 'value': '10.00'}, 'tax': {'name': 'Sales Tax', 'percent': '7.25'}, 'discount': {'amount': {'currency_code': 'USD', 'value': '5.00'}}, 'unit_of_measure': 'QUANTITY'}], 'configuration': {'partial_payment': {'allow_partial_payment': True, 'minimum_amount_due': {'currency_code': 'USD', 'value': '20.00'}}, 'allow_tip': True, 'tax_calculated_after_discount': True, 'tax_inclusive': False}, 'amount': {'breakdown': {'custom': {'label': 'Packing Charges', 'amount': {'currency_code': 'USD', 'value': '10.00'}}, 'shipping': {'amount': {'currency_code': 'USD', 'value': '10.00'}, 'tax': {'name': 'Sales Tax', 'percent': '7.25'}}, 'discount': {'invoice_discount': {'percent': '5'}}}}}
2024-12-03 00:49:23,189: INFO: API_logger: status code:201
2024-12-03 00:49:23,189: INFO: API_logger: Generated Invoice ID is: INV2-3TF3-ZMR9-TDAH-XQRW
2024-12-03 00:49:24,047: INFO: API_logger: URL details:https://api-m.sandbox.paypal.com/v1/oauth2/token
2024-12-03 00:49:24,047: INFO: API_logger: Header details:{'Content-Type': 'application/json', 'prefer': 'return=representation', 'Authorization': 'Bearer <Utils.BaseClass.BaseClass object at 0x0000018D96B597F0>'},None
2024-12-03 00:49:24,048: INFO: API_logger: Payload details:None
2024-12-03 00:49:24,048: INFO: API_logger: status code:200
2024-12-03 00:49:24,048: INFO: API_logger: A21AAIxDjvFmbem5D7I2sizqsIe_6Mw6SJLa8Bt2f0eflhLSNRk2sISE6fzcbVwawmHf4FD07UjJv0TL9PYMnq3l5k_V0ZVkA
2024-12-03 00:49:24,930: INFO: API_logger: URL details:https://api-m.sandbox.paypal.com/v2/invoicing/invoices/INV2-3TF3-ZMR9-TDAH-XQRW
2024-12-03 00:49:24,930: INFO: API_logger: {'id': 'INV2-3TF3-ZMR9-TDAH-XQRW', 'status': 'DRAFT', 'detail': {'reference': '<The reference data. Includes a post office (PO) number.>', 'currency_code': 'USD', 'note': '<A note to the invoice recipient. Also appears on the invoice notification email.>', 'terms_and_conditions': '<The general terms of the invoice. Can include return or cancellation policy and other terms and conditions.>', 'memo': '<A private bookkeeping note for merchant.>', 'additional_data': '<Any additional information. Includes business hours.>', 'category_code': 'SHIPPABLE', 'invoice_number': '0.4889473589024904', 'invoice_date': '2022-02-04', 'payment_term': {'term_type': 'NET_10', 'due_date': '2022-02-14'}, 'viewed_by_recipient': False, 'group_draft': False, 'metadata': {'create_time': '2024-12-02T19:19:41Z', 'last_update_time': '2024-12-02T19:19:41Z', 'created_by_flow': 'REGULAR_SINGLE', 'recipient_view_url': 'https://www.sandbox.paypal.com/invoice/p/#3TF3ZMR9TDAHXQRW', 'invoicer_view_url': 'https://www.sandbox.paypal.com/invoice/details/INV2-3TF3-ZMR9-TDAH-XQRW', 'caller_type': 'API_V2_INVOICE', 'spam_info': {}}, 'archived': False}, 'invoicer': {'name': {'given_name': 'David', 'surname': 'Larusso', 'full_name': 'David Larusso'}, 'address': {'address_line_1': '123 Townsend St', 'address_line_2': 'Floor 6', 'admin_area_2': 'San Francisco', 'admin_area_1': 'CA', 'postal_code': '94107', 'country_code': 'US'}, 'phones': [{'country_code': '001', 'national_number': '4085551234', 'phone_type': 'MOBILE'}], 'website': 'www.example.com', 'tax_id': 'XX-XXXXXXX', 'additional_notes': '<Any additional information. Includes business hours.>', 'logo_url': 'https://example.com/logo.png'}, 'primary_recipients': [{'billing_info': {'name': {'given_name': 'Stephanie', 'surname': 'Meyers', 'full_name': 'Stephanie Meyers'}, 'address': {'address_line_1': '1234 Main Street', 'admin_area_2': 'Anytown', 'admin_area_1': 'CA', 'postal_code': '98765', 'country_code': 'US'}, 'email_address': 'foobuyer@example.com'}, 'shipping_info': {'name': {'given_name': 'Stephanie', 'surname': 'Meyers', 'full_name': 'Stephanie Meyers'}, 'address': {'address_line_1': '1234 Main Street', 'admin_area_2': 'Anytown', 'admin_area_1': 'CA', 'postal_code': '98765', 'country_code': 'US'}}}], 'items': [{'id': 'ITEM-7W122805W9453504J', 'name': 'Yoga Mat', 'description': 'Elastic mat to practice yoga.', 'quantity': '1', 'unit_amount': {'currency_code': 'USD', 'value': '50.00'}, 'tax': {'id': 'TAX-7Y84379857950925F', 'name': 'Sales Tax', 'percent': '7.25', 'amount': {'currency_code': 'USD', 'value': '3.27'}}, 'discount': {'percent': '5', 'amount': {'currency_code': 'USD', 'value': '-2.50'}}, 'unit_of_measure': 'QUANTITY'}, {'id': 'ITEM-39532615383267030', 'name': 'Yoga t-shirt', 'quantity': '1', 'unit_amount': {'currency_code': 'USD', 'value': '10.00'}, 'tax': {'id': 'TAX-7Y84379857950925F', 'name': 'Sales Tax', 'percent': '7.25', 'amount': {'currency_code': 'USD', 'value': '0.34'}}, 'discount': {'amount': {'currency_code': 'USD', 'value': '-5.00'}}, 'unit_of_measure': 'QUANTITY'}], 'configuration': {'tax_calculated_after_discount': True, 'tax_inclusive': False, 'allow_tip': True, 'partial_payment': {'allow_partial_payment': True, 'minimum_amount_due': {'currency_code': 'USD', 'value': '20.00'}}, 'template_id': 'TEMP-28V77063BR4038903'}, 'amount': {'breakdown': {'item_total': {'currency_code': 'USD', 'value': '60.00'}, 'discount': {'invoice_discount': {'percent': '5', 'amount': {'currency_code': 'USD', 'value': '-2.63'}}, 'item_discount': {'currency_code': 'USD', 'value': '-7.50'}}, 'tax_total': {'currency_code': 'USD', 'value': '4.34'}, 'shipping': {'amount': {'currency_code': 'USD', 'value': '10.00'}, 'tax': {'id': 'TAX-7Y84379857950925F', 'name': 'Sales Tax', 'percent': '7.25', 'amount': {'currency_code': 'USD', 'value': '0.73'}}}, 'custom': {'label': 'Packing Charges', 'amount': {'currency_code': 'USD', 'value': '10.00'}}}, 'currency_code': 'USD', 'value': '74.21'}, 'due_amount': {'currency_code': 'USD', 'value': '74.21'}, 'links': [{'href': 'https://api.sandbox.paypal.com/v2/invoicing/invoices/INV2-3TF3-ZMR9-TDAH-XQRW', 'rel': 'self', 'method': 'GET'}, {'href': 'https://api.sandbox.paypal.com/v2/invoicing/invoices/INV2-3TF3-ZMR9-TDAH-XQRW/send', 'rel': 'send', 'method': 'POST'}, {'href': 'https://api.sandbox.paypal.com/v2/invoicing/invoices/INV2-3TF3-ZMR9-TDAH-XQRW', 'rel': 'replace', 'method': 'PUT'}, {'href': 'https://api.sandbox.paypal.com/v2/invoicing/invoices/INV2-3TF3-ZMR9-TDAH-XQRW', 'rel': 'delete', 'method': 'DELETE'}, {'href': 'https://api.sandbox.paypal.com/v2/invoicing/invoices/INV2-3TF3-ZMR9-TDAH-XQRW/payments', 'rel': 'record-payment', 'method': 'POST'}], 'unilateral': False}
2024-12-03 00:49:24,931: INFO: API_logger: Successfully retrieved invoice details for ID: INV2-3TF3-ZMR9-TDAH-XQRW
2024-12-03 00:49:25,246: INFO: API_logger: URL details:https://api-m.sandbox.paypal.com/v1/oauth2/token
2024-12-03 00:49:25,246: INFO: API_logger: Header details:{'Content-Type': 'application/json', 'prefer': 'return=representation', 'Authorization': 'Bearer A21AAIxDjvFmbem5D7I2sizqsIe_6Mw6SJLa8Bt2f0eflhLSNRk2sISE6fzcbVwawmHf4FD07UjJv0TL9PYMnq3l5k_V0ZVkA'},None
2024-12-03 00:49:25,246: INFO: API_logger: Payload details:None
2024-12-03 00:49:25,247: INFO: API_logger: status code:200
2024-12-03 00:49:25,247: INFO: API_logger: A21AAIxDjvFmbem5D7I2sizqsIe_6Mw6SJLa8Bt2f0eflhLSNRk2sISE6fzcbVwawmHf4FD07UjJv0TL9PYMnq3l5k_V0ZVkA
2024-12-03 00:49:26,138: INFO: API_logger: URL details:https://api-m.sandbox.paypal.com/v2/invoicing/invoices/INV2-3TF3-ZMR9-TDAH-XQRW
2024-12-03 00:49:26,138: INFO: API_logger: Header details:{'Content-Type': 'application/json', 'prefer': 'return=representation', 'Authorization': 'Bearer A21AAIxDjvFmbem5D7I2sizqsIe_6Mw6SJLa8Bt2f0eflhLSNRk2sISE6fzcbVwawmHf4FD07UjJv0TL9PYMnq3l5k_V0ZVkA'},None
2024-12-03 00:49:26,138: INFO: API_logger: Payload details:{'id': 'INV2-3TF3-ZMR9-TDAH-XQRW', 'status': 'DRAFT', 'detail': {'invoice_number': 0.6134255394780326, 'reference': 'deal-reference-update', 'invoice_date': '2018-11-12', 'currency_code': 'USD', 'note': 'Thank you for your business.', 'term': 'No refunds after 30 days.', 'memo': 'This is a long contract', 'payment_term': {'term_type': 'NET_10', 'due_date': '2018-11-22'}}, 'invoicer': {'name': {'given_name': 'David', 'surname': 'Larusso'}, 'address': {'address_line_1': '1234 First Street', 'address_line_2': '337673 Hillside Court', 'admin_area_2': 'Anytown', 'admin_area_1': 'CA', 'postal_code': '98765', 'country_code': 'US'}, 'phones': [{'country_code': '001', 'national_number': '4085551234', 'phone_type': 'MOBILE'}], 'website': 'www.test.com', 'tax_id': 'ABcNkWSfb5ICTt73nD3QON1fnnpgNKBy-Jb5SeuGj185MNNw6g', 'logo_url': 'https://example.com/logo.PNG', 'additional_notes': '2-4'}, 'primary_recipients': [{'billing_info': {'name': {'given_name': 'Stephanie', 'surname': 'Meyers'}, 'address': {'address_line_1': '1234 Main Street', 'admin_area_2': 'Anytown', 'admin_area_1': 'CA', 'postal_code': '98765', 'country_code': 'US'}, 'email_address': 'foobuyer@gmail.com', 'phones': [{'country_code': '001', 'national_number': '4884551234', 'phone_type': 'HOME'}], 'additional_info_value': 'add-info'}, 'shipping_info': {'name': {'given_name': 'Stephanie', 'surname': 'Meyers'}, 'address': {'address_line_1': '1234 Main Street', 'admin_area_2': 'Anytown', 'admin_area_1': 'CA', 'postal_code': '98765', 'country_code': 'US'}}}], 'items': [{'name': 'Yoga Mat', 'description': 'Elastic mat to practice yoga.', 'quantity': '1', 'unit_amount': {'currency_code': 'USD', 'value': '50.00'}, 'tax': {'name': 'Sales Tax', 'percent': '7.25', 'amount': {'currency_code': 'USD', 'value': '3.27'}}, 'discount': {'percent': '5', 'amount': {'currency_code': 'USD', 'value': '2.5'}}, 'unit_of_measure': 'QUANTITY'}, {'name': 'Yoga t-shirt', 'quantity': '1', 'unit_amount': {'currency_code': 'USD', 'value': '10.00'}, 'tax': {'name': 'Sales Tax', 'percent': '7.25', 'amount': {'currency_code': 'USD', 'value': '0.34'}}, 'discount': {'amount': {'currency_code': 'USD', 'value': '5.00'}}, 'unit_of_measure': 'QUANTITY'}], 'configuration': {'partial_payment': {'allow_partial_payment': True, 'minimum_amount_due': {'currency_code': 'USD', 'value': '20.00'}}, 'allow_tip': True, 'tax_calculated_after_discount': True, 'tax_inclusive': False}, 'amount': {'currency_code': 'USD', 'value': '74.21', 'breakdown': {'item_total': {'currency_code': 'USD', 'value': '60.00'}, 'custom': {'label': 'Packing Charges', 'amount': {'currency_code': 'USD', 'value': '10.00'}}, 'shipping': {'amount': {'currency_code': 'USD', 'value': '10.00'}, 'tax': {'name': 'Sales Tax', 'percent': '7.25', 'amount': {'currency_code': 'USD', 'value': '0.73'}}}, 'discount': {'item_discount': {'currency_code': 'USD', 'value': '-7.50'}, 'invoice_discount': {'percent': '5', 'amount': {'currency_code': 'USD', 'value': '-2.63'}}}, 'tax_total': {'currency_code': 'USD', 'value': '4.34'}}}}
2024-12-03 00:49:26,138: INFO: API_logger: status code:200
2024-12-03 00:49:26,139: INFO: API_logger: {'id': 'INV2-3TF3-ZMR9-TDAH-XQRW', 'status': 'DRAFT', 'detail': {'reference': 'deal-reference-update', 'currency_code': 'USD', 'note': 'Thank you for your business.', 'memo': 'This is a long contract', 'additional_data': '2-4', 'category_code': 'SHIPPABLE', 'invoice_number': '0.6134255394780326', 'invoice_date': '2018-11-12', 'payment_term': {'term_type': 'NET_10', 'due_date': '2018-11-22'}, 'viewed_by_recipient': False, 'group_draft': False, 'metadata': {'create_time': '2024-12-02T19:19:41Z', 'last_update_time': '2024-12-02T19:19:44Z', 'created_by_flow': 'REGULAR_SINGLE', 'recipient_view_url': 'https://www.sandbox.paypal.com/invoice/p/#3TF3ZMR9TDAHXQRW', 'invoicer_view_url': 'https://www.sandbox.paypal.com/invoice/details/INV2-3TF3-ZMR9-TDAH-XQRW', 'caller_type': 'API_V2_INVOICE', 'spam_info': {}}, 'archived': False}, 'invoicer': {'name': {'given_name': 'David', 'surname': 'Larusso', 'full_name': 'David Larusso'}, 'address': {'address_line_1': '1234 First Street', 'address_line_2': '337673 Hillside Court', 'admin_area_2': 'Anytown', 'admin_area_1': 'CA', 'postal_code': '98765', 'country_code': 'US'}, 'phones': [{'country_code': '001', 'national_number': '4085551234', 'phone_type': 'MOBILE'}], 'website': 'www.test.com', 'tax_id': 'ABcNkWSfb5ICTt73nD3QON1fnnpgNKBy-Jb5SeuGj185MNNw6g', 'additional_notes': '2-4', 'logo_url': 'https://example.com/logo.PNG'}, 'primary_recipients': [{'billing_info': {'name': {'given_name': 'Stephanie', 'surname': 'Meyers', 'full_name': 'Stephanie Meyers'}, 'address': {'address_line_1': '1234 Main Street', 'admin_area_2': 'Anytown', 'admin_area_1': 'CA', 'postal_code': '98765', 'country_code': 'US'}, 'email_address': 'foobuyer@gmail.com'}, 'shipping_info': {'name': {'given_name': 'Stephanie', 'surname': 'Meyers', 'full_name': 'Stephanie Meyers'}, 'address': {'address_line_1': '1234 Main Street', 'admin_area_2': 'Anytown', 'admin_area_1': 'CA', 'postal_code': '98765', 'country_code': 'US'}}}], 'items': [{'id': 'ITEM-7W122805W9453504J', 'name': 'Yoga Mat', 'description': 'Elastic mat to practice yoga.', 'quantity': '1', 'unit_amount': {'currency_code': 'USD', 'value': '50.00'}, 'tax': {'id': 'TAX-7Y84379857950925F', 'name': 'Sales Tax', 'percent': '7.25', 'amount': {'currency_code': 'USD', 'value': '3.27'}}, 'discount': {'percent': '5', 'amount': {'currency_code': 'USD', 'value': '-2.50'}}, 'unit_of_measure': 'QUANTITY'}, {'id': 'ITEM-39532615383267030', 'name': 'Yoga t-shirt', 'quantity': '1', 'unit_amount': {'currency_code': 'USD', 'value': '10.00'}, 'tax': {'id': 'TAX-7Y84379857950925F', 'name': 'Sales Tax', 'percent': '7.25', 'amount': {'currency_code': 'USD', 'value': '0.34'}}, 'discount': {'amount': {'currency_code': 'USD', 'value': '-5.00'}}, 'unit_of_measure': 'QUANTITY'}], 'configuration': {'tax_calculated_after_discount': True, 'tax_inclusive': False, 'allow_tip': True, 'partial_payment': {'allow_partial_payment': True, 'minimum_amount_due': {'currency_code': 'USD', 'value': '20.00'}}, 'template_id': 'TEMP-28V77063BR4038903'}, 'amount': {'breakdown': {'item_total': {'currency_code': 'USD', 'value': '60.00'}, 'discount': {'invoice_discount': {'percent': '5', 'amount': {'currency_code': 'USD', 'value': '-2.63'}}, 'item_discount': {'currency_code': 'USD', 'value': '-7.50'}}, 'tax_total': {'currency_code': 'USD', 'value': '4.34'}, 'shipping': {'amount': {'currency_code': 'USD', 'value': '10.00'}, 'tax': {'id': 'TAX-7Y84379857950925F', 'name': 'Sales Tax', 'percent': '7.25', 'amount': {'currency_code': 'USD', 'value': '0.73'}}}, 'custom': {'label': 'Packing Charges', 'amount': {'currency_code': 'USD', 'value': '10.00'}}}, 'currency_code': 'USD', 'value': '74.21'}, 'due_amount': {'currency_code': 'USD', 'value': '74.21'}, 'links': [{'href': 'https://api.sandbox.paypal.com/v2/invoicing/invoices/INV2-3TF3-ZMR9-TDAH-XQRW', 'rel': 'self', 'method': 'GET'}, {'href': 'https://api.sandbox.paypal.com/v2/invoicing/invoices/INV2-3TF3-ZMR9-TDAH-XQRW/send', 'rel': 'send', 'method': 'POST'}, {'href': 'https://api.sandbox.paypal.com/v2/invoicing/invoices/INV2-3TF3-ZMR9-TDAH-XQRW', 'rel': 'replace', 'method': 'PUT'}, {'href': 'https://api.sandbox.paypal.com/v2/invoicing/invoices/INV2-3TF3-ZMR9-TDAH-XQRW', 'rel': 'delete', 'method': 'DELETE'}, {'href': 'https://api.sandbox.paypal.com/v2/invoicing/invoices/INV2-3TF3-ZMR9-TDAH-XQRW/payments', 'rel': 'record-payment', 'method': 'POST'}], 'unilateral': False}
2024-12-03 00:49:27,030: INFO: API_logger: URL details:https://api-m.sandbox.paypal.com/v1/oauth2/token
2024-12-03 00:49:27,031: INFO: API_logger: Header details:{'Content-Type': 'application/json', 'prefer': 'return=representation', 'Authorization': 'Bearer <Utils.BaseClass.BaseClass object at 0x0000018D96B597F0>'},None
2024-12-03 00:49:27,031: INFO: API_logger: Payload details:None
2024-12-03 00:49:27,031: INFO: API_logger: status code:200
2024-12-03 00:49:27,031: INFO: API_logger: A21AAIxDjvFmbem5D7I2sizqsIe_6Mw6SJLa8Bt2f0eflhLSNRk2sISE6fzcbVwawmHf4FD07UjJv0TL9PYMnq3l5k_V0ZVkA
2024-12-03 00:49:28,018: INFO: API_logger: URL details:https://api-m.sandbox.paypal.com/v2/invoicing/invoices/INV2-3TF3-ZMR9-TDAH-XQRW
2024-12-03 00:49:28,347: INFO: API_logger: URL details:https://api-m.sandbox.paypal.com/v1/oauth2/token
2024-12-03 00:49:28,347: INFO: API_logger: Header details:{'Content-Type': 'application/json', 'prefer': 'return=representation', 'Authorization': 'Bearer A21AAIxDjvFmbem5D7I2sizqsIe_6Mw6SJLa8Bt2f0eflhLSNRk2sISE6fzcbVwawmHf4FD07UjJv0TL9PYMnq3l5k_V0ZVkA'},None
2024-12-03 00:49:28,347: INFO: API_logger: Payload details:None
2024-12-03 00:49:28,347: INFO: API_logger: status code:200
2024-12-03 00:49:28,348: INFO: API_logger: A21AAIxDjvFmbem5D7I2sizqsIe_6Mw6SJLa8Bt2f0eflhLSNRk2sISE6fzcbVwawmHf4FD07UjJv0TL9PYMnq3l5k_V0ZVkA
2024-12-03 00:49:29,192: INFO: API_logger: URL details:https://api-m.sandbox.paypal.com/v1/oauth2/token
2024-12-03 00:49:29,192: INFO: API_logger: Header details:{'Content-Type': 'application/json', 'prefer': 'return=representation', 'Authorization': 'Bearer A21AAIxDjvFmbem5D7I2sizqsIe_6Mw6SJLa8Bt2f0eflhLSNRk2sISE6fzcbVwawmHf4FD07UjJv0TL9PYMnq3l5k_V0ZVkA'},None
2024-12-03 00:49:29,193: INFO: API_logger: Payload details:None
2024-12-03 00:49:29,193: INFO: API_logger: status code:200
2024-12-03 00:49:30,041: INFO: API_logger: URL details:https://api-m.sandbox.paypal.com/v1/oauth2/token
2024-12-03 00:49:30,041: INFO: API_logger: Header details:{'Content-Type': 'application/json', 'prefer': 'return=representation', 'Authorization': 'Bearer <Utils.BaseClass.BaseClass object at 0x0000018D96B597F0>'},None
2024-12-03 00:49:30,041: INFO: API_logger: Payload details:None
2024-12-03 00:49:30,041: INFO: API_logger: status code:200
2024-12-03 00:49:30,041: INFO: API_logger: A21AAIxDjvFmbem5D7I2sizqsIe_6Mw6SJLa8Bt2f0eflhLSNRk2sISE6fzcbVwawmHf4FD07UjJv0TL9PYMnq3l5k_V0ZVkA
2024-12-03 00:49:30,350: INFO: API_logger: URL details:https://api-m.sandbox.paypal.com/v1/oauth2/token
2024-12-03 00:49:30,351: INFO: API_logger: Header details:{'Content-Type': 'application/json', 'prefer': 'return=representation', 'Authorization': 'Bearer A21AAIxDjvFmbem5D7I2sizqsIe_6Mw6SJLa8Bt2f0eflhLSNRk2sISE6fzcbVwawmHf4FD07UjJv0TL9PYMnq3l5k_V0ZVkA'},None
2024-12-03 00:49:30,351: INFO: API_logger: Payload details:None
2024-12-03 00:49:30,352: INFO: API_logger: status code:401
2024-12-03 00:49:30,352: CRITICAL: API_logger: POST request failed:401 Client Error: Unauthorized for url: https://api-m.sandbox.paypal.com/v1/oauth2/token
2024-12-03 00:49:30,675: INFO: API_logger: URL details:https://api-m.sandbox.paypal.com/v1/oauth2/token
2024-12-03 00:49:30,676: INFO: API_logger: Header details:{'Content-Type': 'application/json', 'prefer': 'return=representation', 'Authorization': 'Bearer <Utils.BaseClass.BaseClass object at 0x0000018D96B597F0>'},None
2024-12-03 00:49:30,676: INFO: API_logger: Payload details:None
2024-12-03 00:49:30,676: INFO: API_logger: status code:200
2024-12-03 00:49:30,676: INFO: API_logger: A21AAIxDjvFmbem5D7I2sizqsIe_6Mw6SJLa8Bt2f0eflhLSNRk2sISE6fzcbVwawmHf4FD07UjJv0TL9PYMnq3l5k_V0ZVkA
2024-12-03 00:49:31,171: INFO: API_logger: URL details:https://api-m.sandbox.paypal.com/v1/catalogs/products
2024-12-03 00:49:31,171: INFO: API_logger: Header details:{'Content-Type': 'application/json', 'prefer': 'return=representation', 'Authorization': 'Bearer A21AAIxDjvFmbem5D7I2sizqsIe_6Mw6SJLa8Bt2f0eflhLSNRk2sISE6fzcbVwawmHf4FD07UjJv0TL9PYMnq3l5k_V0ZVkA'},None
2024-12-03 00:49:31,172: INFO: API_logger: Payload details:{'name': 'T-shirt', 'type': 'PHYSICAL', 'id': 2345678986, 'description': 'Cotton XL', 'category': 'CLOTHING', 'image_url': 'https://example.com/gallary/images/2345678986.jpg', 'home_url': 'https://example.com/catalog/2345678986.jpg'}
2024-12-03 00:49:31,172: INFO: API_logger: status code:422
2024-12-03 00:49:31,173: CRITICAL: API_logger: POST request failed:422 Client Error: Unknown Error for url: https://api-m.sandbox.paypal.com/v1/catalogs/products
2024-12-03 00:49:31,173: INFO: API_logger: Expected status code 201, but got 422
2024-12-03 00:49:31,174: CRITICAL: API_logger: Request failed: None
2024-12-03 00:49:32,175: INFO: API_logger: URL details:https://api-m.sandbox.paypal.com/v1/oauth2/token
2024-12-03 00:49:32,175: INFO: API_logger: Header details:{'Content-Type': 'application/json', 'prefer': 'return=representation', 'Authorization': 'Bearer <Utils.BaseClass.BaseClass object at 0x0000018D96B597F0>'},None
2024-12-03 00:49:32,175: INFO: API_logger: Payload details:None
2024-12-03 00:49:32,176: INFO: API_logger: status code:200
2024-12-03 00:49:32,176: INFO: API_logger: A21AAIxDjvFmbem5D7I2sizqsIe_6Mw6SJLa8Bt2f0eflhLSNRk2sISE6fzcbVwawmHf4FD07UjJv0TL9PYMnq3l5k_V0ZVkA
2024-12-03 00:49:32,184: CRITICAL: API_logger: POST request failed:Out of range float values are not JSON compliant: nan
2024-12-03 00:49:32,184: CRITICAL: API_logger: Expected response, got None
2024-12-03 00:49:32,184: CRITICAL: API_logger: Request failed: None
2024-12-03 00:49:33,069: INFO: API_logger: URL details:https://api-m.sandbox.paypal.com/v1/oauth2/token
2024-12-03 00:49:33,070: INFO: API_logger: Header details:{'Content-Type': 'application/json', 'prefer': 'return=representation', 'Authorization': 'Bearer A21AAIxDjvFmbem5D7I2sizqsIe_6Mw6SJLa8Bt2f0eflhLSNRk2sISE6fzcbVwawmHf4FD07UjJv0TL9PYMnq3l5k_V0ZVkA'},None
2024-12-03 00:49:33,070: INFO: API_logger: Payload details:None
2024-12-03 00:49:33,070: INFO: API_logger: status code:200
2024-12-03 00:49:33,071: INFO: API_logger: A21AAIxDjvFmbem5D7I2sizqsIe_6Mw6SJLa8Bt2f0eflhLSNRk2sISE6fzcbVwawmHf4FD07UjJv0TL9PYMnq3l5k_V0ZVkA
2024-12-03 00:49:34,064: INFO: API_logger: URL details:https://api-m.sandbox.paypal.com/v1/catalogs/products
2024-12-03 00:49:34,065: INFO: API_logger: Header details:{'Content-Type': 'application/json', 'prefer': 'return=representation', 'Authorization': 'Bearer A21AAIxDjvFmbem5D7I2sizqsIe_6Mw6SJLa8Bt2f0eflhLSNRk2sISE6fzcbVwawmHf4FD07UjJv0TL9PYMnq3l5k_V0ZVkA'},None
2024-12-03 00:49:34,065: INFO: API_logger: Payload details:{'name': 'Kurtha', 'type': '5232342', 'id': 7654323456, 'description': 'Cotton XL', 'category': 'CLOTHING', 'image_url': 'https://example.com/gallary/images/7654323456.jpg', 'home_url': 'https://example.com/catalog/7654323456.jpg'}
2024-12-03 00:49:34,066: INFO: API_logger: status code:400
2024-12-03 00:49:34,066: CRITICAL: API_logger: POST request failed:400 Client Error: Bad Request for url: https://api-m.sandbox.paypal.com/v1/catalogs/products
2024-12-03 00:49:34,066: INFO: API_logger: Response JSON: {'name': 'INVALID_REQUEST', 'message': 'Request is not well-formed, syntactically incorrect, or violates schema.', 'debug_id': 'f949080c2a712', 'details': [{'field': '/type', 'value': '5232342', 'location': 'body', 'issue': 'INVALID_PARAMETER_VALUE', 'description': 'The value of a field is invalid.'}], 'links': [{'href': 'https://developer.paypal.com/docs/api/v1/billing/subscriptions#INVALID_REQUEST', 'rel': 'information_link', 'method': 'GET'}]}
2024-12-03 00:49:34,397: INFO: API_logger: URL details:https://api-m.sandbox.paypal.com/v1/oauth2/token
2024-12-03 00:49:34,397: INFO: API_logger: Header details:{'Content-Type': 'application/json', 'prefer': 'return=representation', 'Authorization': 'Bearer <Utils.BaseClass.BaseClass object at 0x0000018D96B597F0>'},None
2024-12-03 00:49:34,398: INFO: API_logger: Payload details:None
2024-12-03 00:49:34,398: INFO: API_logger: status code:200
2024-12-03 00:49:34,398: INFO: API_logger: A21AAIxDjvFmbem5D7I2sizqsIe_6Mw6SJLa8Bt2f0eflhLSNRk2sISE6fzcbVwawmHf4FD07UjJv0TL9PYMnq3l5k_V0ZVkA
2024-12-03 00:49:34,686: INFO: API_logger: URL details:https://api-m.sandbox.paypal.com/v2/invoicing/generate-next-invoice-number
2024-12-03 00:49:34,686: INFO: API_logger: Header details:{'Content-Type': 'application/json', 'prefer': 'return=representation'},None
2024-12-03 00:49:34,686: INFO: API_logger: Payload details:None
2024-12-03 00:49:34,686: INFO: API_logger: status code:401
2024-12-03 00:49:34,687: CRITICAL: API_logger: POST request failed:401 Client Error: Unauthorized for url: https://api-m.sandbox.paypal.com/v2/invoicing/generate-next-invoice-number
2024-12-03 00:49:35,554: INFO: API_logger: URL details:https://api-m.sandbox.paypal.com/v1/oauth2/token
2024-12-03 00:49:35,555: INFO: API_logger: Header details:{'Content-Type': 'application/json', 'prefer': 'return=representation', 'Authorization': 'Bearer <Utils.BaseClass.BaseClass object at 0x0000018D96B597F0>'},None
2024-12-03 00:49:35,555: INFO: API_logger: Payload details:None
2024-12-03 00:49:35,555: INFO: API_logger: status code:200
2024-12-03 00:49:35,555: INFO: API_logger: A21AAIxDjvFmbem5D7I2sizqsIe_6Mw6SJLa8Bt2f0eflhLSNRk2sISE6fzcbVwawmHf4FD07UjJv0TL9PYMnq3l5k_V0ZVkA
2024-12-03 00:49:36,603: INFO: API_logger: URL details:https://api-m.sandbox.paypal.com/v2/invoicing/invoices
2024-12-03 00:49:36,605: INFO: API_logger: List of invoice ID: ['INV2-QBAS-YS58-Y5QD-8KNK', 'INV2-C5NY-HKPR-4LQN-KYB4', 'INV2-8KSX-L8Y7-5AXU-28PA', 'INV2-B9T9-B96J-2H3H-82AS', 'INV2-FQMY-2SUZ-QLC6-UHYN', 'INV2-MUDJ-V88Q-KMLL-CH22', 'INV2-HUGL-LRZJ-5SY3-5QWZ', 'INV2-EGT3-5T8L-8P6C-6GFG', 'INV2-4Z4N-69AY-VH3M-F63M', 'INV2-D7PS-SLYB-KVQC-ZXWT']
2024-12-03 00:49:36,605: INFO: API_logger: ID not present
