2024-12-03 11:23:32,964: INFO: API_logger: URL details:https://api-m.sandbox.paypal.com/v1/oauth2/token
2024-12-03 11:23:32,965: INFO: API_logger: Header details:{'Content-Type': 'application/json', 'prefer': 'return=representation'},None
2024-12-03 11:23:32,965: INFO: API_logger: Payload details:None
2024-12-03 11:23:32,965: INFO: API_logger: status code:200
2024-12-03 11:23:32,965: INFO: API_logger: A21AAJrcnFiikzczUggoAujdZASsfxxh3Fgu4NDGOm4zOkyhlQhejqgU26531Sdx5mcdNVjc02qDUR30QCfHAGhGsEOvSPrvQ
2024-12-03 11:23:33,479: INFO: API_logger: URL details:https://api-m.sandbox.paypal.com/v2/invoicing/generate-next-invoice-number
2024-12-03 11:23:33,479: INFO: API_logger: Header details:{'Content-Type': 'application/json', 'prefer': 'return=representation', 'Authorization': 'Bearer A21AAJrcnFiikzczUggoAujdZASsfxxh3Fgu4NDGOm4zOkyhlQhejqgU26531Sdx5mcdNVjc02qDUR30QCfHAGhGsEOvSPrvQ'},None
2024-12-03 11:23:33,479: INFO: API_logger: Payload details:None
2024-12-03 11:23:33,479: INFO: API_logger: status code:200
2024-12-03 11:23:33,479: INFO: API_logger: Generated invoice Number: 1733200766634
2024-12-03 11:23:34,383: INFO: API_logger: URL details:https://api-m.sandbox.paypal.com/v1/oauth2/token
2024-12-03 11:23:34,383: INFO: API_logger: Header details:{'Content-Type': 'application/json', 'prefer': 'return=representation', 'Authorization': 'Bearer <Utils.BaseClass.BaseClass object at 0x00000204F7B6E750>'},None
2024-12-03 11:23:34,383: INFO: API_logger: Payload details:None
2024-12-03 11:23:34,383: INFO: API_logger: status code:200
2024-12-03 11:23:34,383: INFO: API_logger: A21AAJrcnFiikzczUggoAujdZASsfxxh3Fgu4NDGOm4zOkyhlQhejqgU26531Sdx5mcdNVjc02qDUR30QCfHAGhGsEOvSPrvQ
2024-12-03 11:23:35,899: INFO: API_logger: URL details:https://api-m.sandbox.paypal.com/v2/invoicing/invoices
2024-12-03 11:23:35,899: INFO: API_logger: Header details:{'Content-Type': 'application/json', 'prefer': 'return=representation', 'Authorization': 'Bearer A21AAJrcnFiikzczUggoAujdZASsfxxh3Fgu4NDGOm4zOkyhlQhejqgU26531Sdx5mcdNVjc02qDUR30QCfHAGhGsEOvSPrvQ'},None
2024-12-03 11:23:35,900: INFO: API_logger: Payload details:{'detail': {'invoice_number': '1733200766634', 'invoice_date': '2022-02-04', 'payment_term': {'term_type': 'NET_10', 'due_date': '2022-02-14'}, 'currency_code': 'USD', 'reference': '<The reference data. Includes a post office (PO) number.>', 'note': '<A note to the invoice recipient. Also appears on the invoice notification email.>', 'terms_and_conditions': '<The general terms of the invoice. Can include return or cancellation policy and other terms and conditions.>', 'memo': '<A private bookkeeping note for merchant.>'}, 'invoicer': {'name': {'given_name': 'David', 'surname': 'Larusso'}, 'address': {'address_line_1': '123 Townsend St', 'address_line_2': 'Floor 6', 'admin_area_2': 'San Francisco', 'admin_area_1': 'CA', 'postal_code': '94107', 'country_code': 'US'}, 'phones': [{'country_code': '001', 'national_number': '4085551234', 'phone_type': 'MOBILE'}], 'website': 'www.example.com', 'tax_id': 'XX-XXXXXXX', 'logo_url': 'https://example.com/logo.png', 'additional_notes': '<Any additional information. Includes business hours.>'}, 'primary_recipients': [{'billing_info': {'name': {'given_name': 'Stephanie', 'surname': 'Meyers'}, 'address': {'address_line_1': '1234 Main Street', 'admin_area_2': 'Anytown', 'admin_area_1': 'CA', 'postal_code': '98765', 'country_code': 'US'}, 'email_address': 'foobuyer@example.com', 'phones': [{'country_code': '001', 'national_number': '4884551234', 'phone_type': 'HOME'}], 'additional_info_value': 'add-info'}, 'shipping_info': {'name': {'given_name': 'Stephanie', 'surname': 'Meyers'}, 'address': {'address_line_1': '1234 Main Street', 'admin_area_2': 'Anytown', 'admin_area_1': 'CA', 'postal_code': '98765', 'country_code': 'US'}}}], 'items': [{'name': 'Yoga Mat', 'description': 'Elastic mat to practice yoga.', 'quantity': '1', 'unit_amount': {'currency_code': 'USD', 'value': '50.00'}, 'tax': {'name': 'Sales Tax', 'percent': '7.25'}, 'discount': {'percent': '5'}, 'unit_of_measure': 'QUANTITY'}, {'name': 'Yoga t-shirt', 'quantity': '1', 'unit_amount': {'currency_code': 'USD', 'value': '10.00'}, 'tax': {'name': 'Sales Tax', 'percent': '7.25'}, 'discount': {'amount': {'currency_code': 'USD', 'value': '5.00'}}, 'unit_of_measure': 'QUANTITY'}], 'configuration': {'partial_payment': {'allow_partial_payment': True, 'minimum_amount_due': {'currency_code': 'USD', 'value': '20.00'}}, 'allow_tip': True, 'tax_calculated_after_discount': True, 'tax_inclusive': False}, 'amount': {'breakdown': {'custom': {'label': 'Packing Charges', 'amount': {'currency_code': 'USD', 'value': '10.00'}}, 'shipping': {'amount': {'currency_code': 'USD', 'value': '10.00'}, 'tax': {'name': 'Sales Tax', 'percent': '7.25'}}, 'discount': {'invoice_discount': {'percent': '5'}}}}}
2024-12-03 11:23:35,901: INFO: API_logger: status code:201
2024-12-03 11:23:35,902: INFO: API_logger: Generated Invoice ID is: INV2-VESD-HJTH-YS2R-H4KC
2024-12-03 11:23:36,315: INFO: API_logger: URL details:https://api-m.sandbox.paypal.com/v1/oauth2/token
2024-12-03 11:23:36,316: INFO: API_logger: Header details:{'Content-Type': 'application/json', 'prefer': 'return=representation', 'Authorization': 'Bearer <Utils.BaseClass.BaseClass object at 0x00000204F7B6E750>'},None
2024-12-03 11:23:36,316: INFO: API_logger: Payload details:None
2024-12-03 11:23:36,316: INFO: API_logger: status code:200
2024-12-03 11:23:36,317: INFO: API_logger: A21AAJrcnFiikzczUggoAujdZASsfxxh3Fgu4NDGOm4zOkyhlQhejqgU26531Sdx5mcdNVjc02qDUR30QCfHAGhGsEOvSPrvQ
2024-12-03 11:23:36,799: INFO: API_logger: URL details:https://api-m.sandbox.paypal.com/v2/invoicing/invoices/INV2-VESD-HJTH-YS2R-H4KC
2024-12-03 11:23:36,800: INFO: API_logger: {'id': 'INV2-VESD-HJTH-YS2R-H4KC', 'status': 'DRAFT', 'detail': {'reference': '<The reference data. Includes a post office (PO) number.>', 'currency_code': 'USD', 'note': '<A note to the invoice recipient. Also appears on the invoice notification email.>', 'terms_and_conditions': '<The general terms of the invoice. Can include return or cancellation policy and other terms and conditions.>', 'memo': '<A private bookkeeping note for merchant.>', 'additional_data': '<Any additional information. Includes business hours.>', 'category_code': 'SHIPPABLE', 'invoice_number': '1733200766634', 'invoice_date': '2022-02-04', 'payment_term': {'term_type': 'NET_10', 'due_date': '2022-02-14'}, 'viewed_by_recipient': False, 'group_draft': False, 'metadata': {'create_time': '2024-12-03T05:53:55Z', 'last_update_time': '2024-12-03T05:53:55Z', 'created_by_flow': 'REGULAR_SINGLE', 'recipient_view_url': 'https://www.sandbox.paypal.com/invoice/p/#VESDHJTHYS2RH4KC', 'invoicer_view_url': 'https://www.sandbox.paypal.com/invoice/details/INV2-VESD-HJTH-YS2R-H4KC', 'caller_type': 'API_V2_INVOICE', 'spam_info': {}}, 'archived': False}, 'invoicer': {'name': {'given_name': 'David', 'surname': 'Larusso', 'full_name': 'David Larusso'}, 'address': {'address_line_1': '123 Townsend St', 'address_line_2': 'Floor 6', 'admin_area_2': 'San Francisco', 'admin_area_1': 'CA', 'postal_code': '94107', 'country_code': 'US'}, 'phones': [{'country_code': '001', 'national_number': '4085551234', 'phone_type': 'MOBILE'}], 'website': 'www.example.com', 'tax_id': 'XX-XXXXXXX', 'additional_notes': '<Any additional information. Includes business hours.>', 'logo_url': 'https://example.com/logo.png'}, 'primary_recipients': [{'billing_info': {'name': {'given_name': 'Stephanie', 'surname': 'Meyers', 'full_name': 'Stephanie Meyers'}, 'address': {'address_line_1': '1234 Main Street', 'admin_area_2': 'Anytown', 'admin_area_1': 'CA', 'postal_code': '98765', 'country_code': 'US'}, 'email_address': 'foobuyer@example.com'}, 'shipping_info': {'name': {'given_name': 'Stephanie', 'surname': 'Meyers', 'full_name': 'Stephanie Meyers'}, 'address': {'address_line_1': '1234 Main Street', 'admin_area_2': 'Anytown', 'admin_area_1': 'CA', 'postal_code': '98765', 'country_code': 'US'}}}], 'items': [{'id': 'ITEM-6WN446723C7136827', 'name': 'Yoga Mat', 'description': 'Elastic mat to practice yoga.', 'quantity': '1', 'unit_amount': {'currency_code': 'USD', 'value': '50.00'}, 'tax': {'id': 'TAX-7Y84379857950925F', 'name': 'Sales Tax', 'percent': '7.25', 'amount': {'currency_code': 'USD', 'value': '3.27'}}, 'discount': {'percent': '5', 'amount': {'currency_code': 'USD', 'value': '-2.50'}}, 'unit_of_measure': 'QUANTITY'}, {'id': 'ITEM-06C27394917933913', 'name': 'Yoga t-shirt', 'quantity': '1', 'unit_amount': {'currency_code': 'USD', 'value': '10.00'}, 'tax': {'id': 'TAX-7Y84379857950925F', 'name': 'Sales Tax', 'percent': '7.25', 'amount': {'currency_code': 'USD', 'value': '0.34'}}, 'discount': {'amount': {'currency_code': 'USD', 'value': '-5.00'}}, 'unit_of_measure': 'QUANTITY'}], 'configuration': {'tax_calculated_after_discount': True, 'tax_inclusive': False, 'allow_tip': True, 'partial_payment': {'allow_partial_payment': True, 'minimum_amount_due': {'currency_code': 'USD', 'value': '20.00'}}, 'template_id': 'TEMP-28V77063BR4038903'}, 'amount': {'breakdown': {'item_total': {'currency_code': 'USD', 'value': '60.00'}, 'discount': {'invoice_discount': {'percent': '5', 'amount': {'currency_code': 'USD', 'value': '-2.63'}}, 'item_discount': {'currency_code': 'USD', 'value': '-7.50'}}, 'tax_total': {'currency_code': 'USD', 'value': '4.34'}, 'shipping': {'amount': {'currency_code': 'USD', 'value': '10.00'}, 'tax': {'id': 'TAX-7Y84379857950925F', 'name': 'Sales Tax', 'percent': '7.25', 'amount': {'currency_code': 'USD', 'value': '0.73'}}}, 'custom': {'label': 'Packing Charges', 'amount': {'currency_code': 'USD', 'value': '10.00'}}}, 'currency_code': 'USD', 'value': '74.21'}, 'due_amount': {'currency_code': 'USD', 'value': '74.21'}, 'links': [{'href': 'https://api.sandbox.paypal.com/v2/invoicing/invoices/INV2-VESD-HJTH-YS2R-H4KC', 'rel': 'self', 'method': 'GET'}, {'href': 'https://api.sandbox.paypal.com/v2/invoicing/invoices/INV2-VESD-HJTH-YS2R-H4KC/send', 'rel': 'send', 'method': 'POST'}, {'href': 'https://api.sandbox.paypal.com/v2/invoicing/invoices/INV2-VESD-HJTH-YS2R-H4KC', 'rel': 'replace', 'method': 'PUT'}, {'href': 'https://api.sandbox.paypal.com/v2/invoicing/invoices/INV2-VESD-HJTH-YS2R-H4KC', 'rel': 'delete', 'method': 'DELETE'}, {'href': 'https://api.sandbox.paypal.com/v2/invoicing/invoices/INV2-VESD-HJTH-YS2R-H4KC/payments', 'rel': 'record-payment', 'method': 'POST'}], 'unilateral': False}
2024-12-03 11:23:36,802: INFO: API_logger: Successfully retrieved invoice details for ID: INV2-VESD-HJTH-YS2R-H4KC
2024-12-03 11:23:37,710: INFO: API_logger: URL details:https://api-m.sandbox.paypal.com/v1/oauth2/token
2024-12-03 11:23:37,710: INFO: API_logger: Header details:{'Content-Type': 'application/json', 'prefer': 'return=representation', 'Authorization': 'Bearer A21AAJrcnFiikzczUggoAujdZASsfxxh3Fgu4NDGOm4zOkyhlQhejqgU26531Sdx5mcdNVjc02qDUR30QCfHAGhGsEOvSPrvQ'},None
2024-12-03 11:23:37,710: INFO: API_logger: Payload details:None
2024-12-03 11:23:37,711: INFO: API_logger: status code:200
2024-12-03 11:23:37,711: INFO: API_logger: A21AAJrcnFiikzczUggoAujdZASsfxxh3Fgu4NDGOm4zOkyhlQhejqgU26531Sdx5mcdNVjc02qDUR30QCfHAGhGsEOvSPrvQ
2024-12-03 11:23:38,694: INFO: API_logger: URL details:https://api-m.sandbox.paypal.com/v2/invoicing/invoices/INV2-VESD-HJTH-YS2R-H4KC
2024-12-03 11:23:38,695: INFO: API_logger: Header details:{'Content-Type': 'application/json', 'prefer': 'return=representation', 'Authorization': 'Bearer A21AAJrcnFiikzczUggoAujdZASsfxxh3Fgu4NDGOm4zOkyhlQhejqgU26531Sdx5mcdNVjc02qDUR30QCfHAGhGsEOvSPrvQ'},None
2024-12-03 11:23:38,696: INFO: API_logger: Payload details:{'id': 'INV2-VESD-HJTH-YS2R-H4KC', 'status': 'DRAFT', 'detail': {'invoice_number': 0.17406437048203838, 'reference': 'deal-reference-update', 'invoice_date': '2018-11-12', 'currency_code': 'USD', 'note': 'Thank you for your business.', 'term': 'No refunds after 30 days.', 'memo': 'This is a long contract', 'payment_term': {'term_type': 'NET_10', 'due_date': '2018-11-22'}}, 'invoicer': {'name': {'given_name': 'David', 'surname': 'Larusso'}, 'address': {'address_line_1': '1234 First Street', 'address_line_2': '337673 Hillside Court', 'admin_area_2': 'Anytown', 'admin_area_1': 'CA', 'postal_code': '98765', 'country_code': 'US'}, 'phones': [{'country_code': '001', 'national_number': '4085551234', 'phone_type': 'MOBILE'}], 'website': 'www.test.com', 'tax_id': 'ABcNkWSfb5ICTt73nD3QON1fnnpgNKBy-Jb5SeuGj185MNNw6g', 'logo_url': 'https://example.com/logo.PNG', 'additional_notes': '2-4'}, 'primary_recipients': [{'billing_info': {'name': {'given_name': 'Stephanie', 'surname': 'Meyers'}, 'address': {'address_line_1': '1234 Main Street', 'admin_area_2': 'Anytown', 'admin_area_1': 'CA', 'postal_code': '98765', 'country_code': 'US'}, 'email_address': 'foobuyer@gmail.com', 'phones': [{'country_code': '001', 'national_number': '4884551234', 'phone_type': 'HOME'}], 'additional_info_value': 'add-info'}, 'shipping_info': {'name': {'given_name': 'Stephanie', 'surname': 'Meyers'}, 'address': {'address_line_1': '1234 Main Street', 'admin_area_2': 'Anytown', 'admin_area_1': 'CA', 'postal_code': '98765', 'country_code': 'US'}}}], 'items': [{'name': 'Yoga Mat', 'description': 'Elastic mat to practice yoga.', 'quantity': '1', 'unit_amount': {'currency_code': 'USD', 'value': '50.00'}, 'tax': {'name': 'Sales Tax', 'percent': '7.25', 'amount': {'currency_code': 'USD', 'value': '3.27'}}, 'discount': {'percent': '5', 'amount': {'currency_code': 'USD', 'value': '2.5'}}, 'unit_of_measure': 'QUANTITY'}, {'name': 'Yoga t-shirt', 'quantity': '1', 'unit_amount': {'currency_code': 'USD', 'value': '10.00'}, 'tax': {'name': 'Sales Tax', 'percent': '7.25', 'amount': {'currency_code': 'USD', 'value': '0.34'}}, 'discount': {'amount': {'currency_code': 'USD', 'value': '5.00'}}, 'unit_of_measure': 'QUANTITY'}], 'configuration': {'partial_payment': {'allow_partial_payment': True, 'minimum_amount_due': {'currency_code': 'USD', 'value': '20.00'}}, 'allow_tip': True, 'tax_calculated_after_discount': True, 'tax_inclusive': False}, 'amount': {'currency_code': 'USD', 'value': '74.21', 'breakdown': {'item_total': {'currency_code': 'USD', 'value': '60.00'}, 'custom': {'label': 'Packing Charges', 'amount': {'currency_code': 'USD', 'value': '10.00'}}, 'shipping': {'amount': {'currency_code': 'USD', 'value': '10.00'}, 'tax': {'name': 'Sales Tax', 'percent': '7.25', 'amount': {'currency_code': 'USD', 'value': '0.73'}}}, 'discount': {'item_discount': {'currency_code': 'USD', 'value': '-7.50'}, 'invoice_discount': {'percent': '5', 'amount': {'currency_code': 'USD', 'value': '-2.63'}}}, 'tax_total': {'currency_code': 'USD', 'value': '4.34'}}}}
2024-12-03 11:23:38,696: INFO: API_logger: status code:200
2024-12-03 11:23:38,697: INFO: API_logger: {'id': 'INV2-VESD-HJTH-YS2R-H4KC', 'status': 'DRAFT', 'detail': {'reference': 'deal-reference-update', 'currency_code': 'USD', 'note': 'Thank you for your business.', 'memo': 'This is a long contract', 'additional_data': '2-4', 'category_code': 'SHIPPABLE', 'invoice_number': '0.17406437048203838', 'invoice_date': '2018-11-12', 'payment_term': {'term_type': 'NET_10', 'due_date': '2018-11-22'}, 'viewed_by_recipient': False, 'group_draft': False, 'metadata': {'create_time': '2024-12-03T05:53:55Z', 'last_update_time': '2024-12-03T05:53:57Z', 'created_by_flow': 'REGULAR_SINGLE', 'recipient_view_url': 'https://www.sandbox.paypal.com/invoice/p/#VESDHJTHYS2RH4KC', 'invoicer_view_url': 'https://www.sandbox.paypal.com/invoice/details/INV2-VESD-HJTH-YS2R-H4KC', 'caller_type': 'API_V2_INVOICE', 'spam_info': {}}, 'archived': False}, 'invoicer': {'name': {'given_name': 'David', 'surname': 'Larusso', 'full_name': 'David Larusso'}, 'address': {'address_line_1': '1234 First Street', 'address_line_2': '337673 Hillside Court', 'admin_area_2': 'Anytown', 'admin_area_1': 'CA', 'postal_code': '98765', 'country_code': 'US'}, 'phones': [{'country_code': '001', 'national_number': '4085551234', 'phone_type': 'MOBILE'}], 'website': 'www.test.com', 'tax_id': 'ABcNkWSfb5ICTt73nD3QON1fnnpgNKBy-Jb5SeuGj185MNNw6g', 'additional_notes': '2-4', 'logo_url': 'https://example.com/logo.PNG'}, 'primary_recipients': [{'billing_info': {'name': {'given_name': 'Stephanie', 'surname': 'Meyers', 'full_name': 'Stephanie Meyers'}, 'address': {'address_line_1': '1234 Main Street', 'admin_area_2': 'Anytown', 'admin_area_1': 'CA', 'postal_code': '98765', 'country_code': 'US'}, 'email_address': 'foobuyer@gmail.com'}, 'shipping_info': {'name': {'given_name': 'Stephanie', 'surname': 'Meyers', 'full_name': 'Stephanie Meyers'}, 'address': {'address_line_1': '1234 Main Street', 'admin_area_2': 'Anytown', 'admin_area_1': 'CA', 'postal_code': '98765', 'country_code': 'US'}}}], 'items': [{'id': 'ITEM-6WN446723C7136827', 'name': 'Yoga Mat', 'description': 'Elastic mat to practice yoga.', 'quantity': '1', 'unit_amount': {'currency_code': 'USD', 'value': '50.00'}, 'tax': {'id': 'TAX-7Y84379857950925F', 'name': 'Sales Tax', 'percent': '7.25', 'amount': {'currency_code': 'USD', 'value': '3.27'}}, 'discount': {'percent': '5', 'amount': {'currency_code': 'USD', 'value': '-2.50'}}, 'unit_of_measure': 'QUANTITY'}, {'id': 'ITEM-06C27394917933913', 'name': 'Yoga t-shirt', 'quantity': '1', 'unit_amount': {'currency_code': 'USD', 'value': '10.00'}, 'tax': {'id': 'TAX-7Y84379857950925F', 'name': 'Sales Tax', 'percent': '7.25', 'amount': {'currency_code': 'USD', 'value': '0.34'}}, 'discount': {'amount': {'currency_code': 'USD', 'value': '-5.00'}}, 'unit_of_measure': 'QUANTITY'}], 'configuration': {'tax_calculated_after_discount': True, 'tax_inclusive': False, 'allow_tip': True, 'partial_payment': {'allow_partial_payment': True, 'minimum_amount_due': {'currency_code': 'USD', 'value': '20.00'}}, 'template_id': 'TEMP-28V77063BR4038903'}, 'amount': {'breakdown': {'item_total': {'currency_code': 'USD', 'value': '60.00'}, 'discount': {'invoice_discount': {'percent': '5', 'amount': {'currency_code': 'USD', 'value': '-2.63'}}, 'item_discount': {'currency_code': 'USD', 'value': '-7.50'}}, 'tax_total': {'currency_code': 'USD', 'value': '4.34'}, 'shipping': {'amount': {'currency_code': 'USD', 'value': '10.00'}, 'tax': {'id': 'TAX-7Y84379857950925F', 'name': 'Sales Tax', 'percent': '7.25', 'amount': {'currency_code': 'USD', 'value': '0.73'}}}, 'custom': {'label': 'Packing Charges', 'amount': {'currency_code': 'USD', 'value': '10.00'}}}, 'currency_code': 'USD', 'value': '74.21'}, 'due_amount': {'currency_code': 'USD', 'value': '74.21'}, 'links': [{'href': 'https://api.sandbox.paypal.com/v2/invoicing/invoices/INV2-VESD-HJTH-YS2R-H4KC', 'rel': 'self', 'method': 'GET'}, {'href': 'https://api.sandbox.paypal.com/v2/invoicing/invoices/INV2-VESD-HJTH-YS2R-H4KC/send', 'rel': 'send', 'method': 'POST'}, {'href': 'https://api.sandbox.paypal.com/v2/invoicing/invoices/INV2-VESD-HJTH-YS2R-H4KC', 'rel': 'replace', 'method': 'PUT'}, {'href': 'https://api.sandbox.paypal.com/v2/invoicing/invoices/INV2-VESD-HJTH-YS2R-H4KC', 'rel': 'delete', 'method': 'DELETE'}, {'href': 'https://api.sandbox.paypal.com/v2/invoicing/invoices/INV2-VESD-HJTH-YS2R-H4KC/payments', 'rel': 'record-payment', 'method': 'POST'}], 'unilateral': False}
2024-12-03 11:23:39,690: INFO: API_logger: URL details:https://api-m.sandbox.paypal.com/v1/oauth2/token
2024-12-03 11:23:39,692: INFO: API_logger: Header details:{'Content-Type': 'application/json', 'prefer': 'return=representation', 'Authorization': 'Bearer <Utils.BaseClass.BaseClass object at 0x00000204F7B6E750>'},None
2024-12-03 11:23:39,692: INFO: API_logger: Payload details:None
2024-12-03 11:23:39,692: INFO: API_logger: status code:200
2024-12-03 11:23:39,692: INFO: API_logger: A21AAJrcnFiikzczUggoAujdZASsfxxh3Fgu4NDGOm4zOkyhlQhejqgU26531Sdx5mcdNVjc02qDUR30QCfHAGhGsEOvSPrvQ
2024-12-03 11:23:40,245: INFO: API_logger: URL details:https://api-m.sandbox.paypal.com/v2/invoicing/invoices/INV2-VESD-HJTH-YS2R-H4KC
2024-12-03 11:23:41,203: INFO: API_logger: URL details:https://api-m.sandbox.paypal.com/v1/oauth2/token
2024-12-03 11:23:41,204: INFO: API_logger: Header details:{'Content-Type': 'application/json', 'prefer': 'return=representation', 'Authorization': 'Bearer A21AAJrcnFiikzczUggoAujdZASsfxxh3Fgu4NDGOm4zOkyhlQhejqgU26531Sdx5mcdNVjc02qDUR30QCfHAGhGsEOvSPrvQ'},None
2024-12-03 11:23:41,204: INFO: API_logger: Payload details:None
2024-12-03 11:23:41,205: INFO: API_logger: status code:200
2024-12-03 11:23:41,205: INFO: API_logger: A21AAJrcnFiikzczUggoAujdZASsfxxh3Fgu4NDGOm4zOkyhlQhejqgU26531Sdx5mcdNVjc02qDUR30QCfHAGhGsEOvSPrvQ
2024-12-03 11:23:42,098: INFO: API_logger: URL details:https://api-m.sandbox.paypal.com/v1/oauth2/token
2024-12-03 11:23:42,099: INFO: API_logger: Header details:{'Content-Type': 'application/json', 'prefer': 'return=representation', 'Authorization': 'Bearer A21AAJrcnFiikzczUggoAujdZASsfxxh3Fgu4NDGOm4zOkyhlQhejqgU26531Sdx5mcdNVjc02qDUR30QCfHAGhGsEOvSPrvQ'},None
2024-12-03 11:23:42,099: INFO: API_logger: Payload details:None
2024-12-03 11:23:42,100: INFO: API_logger: status code:200
2024-12-03 11:23:43,000: INFO: API_logger: URL details:https://api-m.sandbox.paypal.com/v1/oauth2/token
2024-12-03 11:23:43,000: INFO: API_logger: Header details:{'Content-Type': 'application/json', 'prefer': 'return=representation', 'Authorization': 'Bearer <Utils.BaseClass.BaseClass object at 0x00000204F7B6E750>'},None
2024-12-03 11:23:43,001: INFO: API_logger: Payload details:None
2024-12-03 11:23:43,001: INFO: API_logger: status code:200
2024-12-03 11:23:43,002: INFO: API_logger: A21AAJrcnFiikzczUggoAujdZASsfxxh3Fgu4NDGOm4zOkyhlQhejqgU26531Sdx5mcdNVjc02qDUR30QCfHAGhGsEOvSPrvQ
2024-12-03 11:23:43,952: INFO: API_logger: URL details:https://api-m.sandbox.paypal.com/v1/oauth2/token
2024-12-03 11:23:43,952: INFO: API_logger: Header details:{'Content-Type': 'application/json', 'prefer': 'return=representation', 'Authorization': 'Bearer A21AAJrcnFiikzczUggoAujdZASsfxxh3Fgu4NDGOm4zOkyhlQhejqgU26531Sdx5mcdNVjc02qDUR30QCfHAGhGsEOvSPrvQ'},None
2024-12-03 11:23:43,953: INFO: API_logger: Payload details:None
2024-12-03 11:23:43,953: INFO: API_logger: status code:401
2024-12-03 11:23:43,953: CRITICAL: API_logger: POST request failed:401 Client Error: Unauthorized for url: https://api-m.sandbox.paypal.com/v1/oauth2/token
2024-12-03 11:23:44,874: INFO: API_logger: URL details:https://api-m.sandbox.paypal.com/v1/oauth2/token
2024-12-03 11:23:44,875: INFO: API_logger: Header details:{'Content-Type': 'application/json', 'prefer': 'return=representation', 'Authorization': 'Bearer <Utils.BaseClass.BaseClass object at 0x00000204F7B6E750>'},None
2024-12-03 11:23:44,875: INFO: API_logger: Payload details:None
2024-12-03 11:23:44,875: INFO: API_logger: status code:200
2024-12-03 11:23:44,876: INFO: API_logger: A21AAJrcnFiikzczUggoAujdZASsfxxh3Fgu4NDGOm4zOkyhlQhejqgU26531Sdx5mcdNVjc02qDUR30QCfHAGhGsEOvSPrvQ
2024-12-03 11:23:46,030: INFO: API_logger: URL details:https://api-m.sandbox.paypal.com/v1/catalogs/products
2024-12-03 11:23:46,031: INFO: API_logger: Header details:{'Content-Type': 'application/json', 'prefer': 'return=representation', 'Authorization': 'Bearer A21AAJrcnFiikzczUggoAujdZASsfxxh3Fgu4NDGOm4zOkyhlQhejqgU26531Sdx5mcdNVjc02qDUR30QCfHAGhGsEOvSPrvQ'},None
2024-12-03 11:23:46,031: INFO: API_logger: Payload details:{'name': 'T-shirt', 'type': 'PHYSICAL', 'id': 2345678986, 'description': 'Cotton XL', 'category': 'CLOTHING', 'image_url': 'https://example.com/gallary/images/2345678986.jpg', 'home_url': 'https://example.com/catalog/2345678986.jpg'}
2024-12-03 11:23:46,032: INFO: API_logger: status code:422
2024-12-03 11:23:46,032: CRITICAL: API_logger: POST request failed:422 Client Error: Unknown Error for url: https://api-m.sandbox.paypal.com/v1/catalogs/products
2024-12-03 11:23:46,032: INFO: API_logger: Expected status code 201, but got 422
2024-12-03 11:23:46,033: CRITICAL: API_logger: Request failed: None
2024-12-03 11:23:46,666: INFO: API_logger: URL details:https://api-m.sandbox.paypal.com/v1/oauth2/token
2024-12-03 11:23:46,667: INFO: API_logger: Header details:{'Content-Type': 'application/json', 'prefer': 'return=representation', 'Authorization': 'Bearer <Utils.BaseClass.BaseClass object at 0x00000204F7B6E750>'},None
2024-12-03 11:23:46,667: INFO: API_logger: Payload details:None
2024-12-03 11:23:46,668: INFO: API_logger: status code:200
2024-12-03 11:23:46,668: INFO: API_logger: A21AAJrcnFiikzczUggoAujdZASsfxxh3Fgu4NDGOm4zOkyhlQhejqgU26531Sdx5mcdNVjc02qDUR30QCfHAGhGsEOvSPrvQ
2024-12-03 11:23:46,681: CRITICAL: API_logger: POST request failed:Out of range float values are not JSON compliant: nan
2024-12-03 11:23:46,682: CRITICAL: API_logger: Expected response, got None
2024-12-03 11:23:46,682: CRITICAL: API_logger: Request failed: None
2024-12-03 11:23:47,290: INFO: API_logger: URL details:https://api-m.sandbox.paypal.com/v1/oauth2/token
2024-12-03 11:23:47,290: INFO: API_logger: Header details:{'Content-Type': 'application/json', 'prefer': 'return=representation', 'Authorization': 'Bearer A21AAJrcnFiikzczUggoAujdZASsfxxh3Fgu4NDGOm4zOkyhlQhejqgU26531Sdx5mcdNVjc02qDUR30QCfHAGhGsEOvSPrvQ'},None
2024-12-03 11:23:47,291: INFO: API_logger: Payload details:None
2024-12-03 11:23:47,291: INFO: API_logger: status code:200
2024-12-03 11:23:47,292: INFO: API_logger: A21AAJrcnFiikzczUggoAujdZASsfxxh3Fgu4NDGOm4zOkyhlQhejqgU26531Sdx5mcdNVjc02qDUR30QCfHAGhGsEOvSPrvQ
2024-12-03 11:23:47,808: INFO: API_logger: URL details:https://api-m.sandbox.paypal.com/v1/catalogs/products
2024-12-03 11:23:47,809: INFO: API_logger: Header details:{'Content-Type': 'application/json', 'prefer': 'return=representation', 'Authorization': 'Bearer A21AAJrcnFiikzczUggoAujdZASsfxxh3Fgu4NDGOm4zOkyhlQhejqgU26531Sdx5mcdNVjc02qDUR30QCfHAGhGsEOvSPrvQ'},None
2024-12-03 11:23:47,809: INFO: API_logger: Payload details:{'name': 'Kurtha', 'type': '5232342', 'id': 7654323456, 'description': 'Cotton XL', 'category': 'CLOTHING', 'image_url': 'https://example.com/gallary/images/7654323456.jpg', 'home_url': 'https://example.com/catalog/7654323456.jpg'}
2024-12-03 11:23:47,809: INFO: API_logger: status code:400
2024-12-03 11:23:47,810: CRITICAL: API_logger: POST request failed:400 Client Error: Bad Request for url: https://api-m.sandbox.paypal.com/v1/catalogs/products
2024-12-03 11:23:47,810: INFO: API_logger: Response JSON: {'name': 'INVALID_REQUEST', 'message': 'Request is not well-formed, syntactically incorrect, or violates schema.', 'debug_id': 'f34602771ebb0', 'details': [{'field': '/type', 'value': '5232342', 'location': 'body', 'issue': 'INVALID_PARAMETER_VALUE', 'description': 'The value of a field is invalid.'}], 'links': [{'href': 'https://developer.paypal.com/docs/api/v1/billing/subscriptions#INVALID_REQUEST', 'rel': 'information_link', 'method': 'GET'}]}
2024-12-03 11:23:48,703: INFO: API_logger: URL details:https://api-m.sandbox.paypal.com/v1/oauth2/token
2024-12-03 11:23:48,704: INFO: API_logger: Header details:{'Content-Type': 'application/json', 'prefer': 'return=representation', 'Authorization': 'Bearer <Utils.BaseClass.BaseClass object at 0x00000204F7B6E750>'},None
2024-12-03 11:23:48,705: INFO: API_logger: Payload details:None
2024-12-03 11:23:48,705: INFO: API_logger: status code:200
2024-12-03 11:23:48,706: INFO: API_logger: A21AAJrcnFiikzczUggoAujdZASsfxxh3Fgu4NDGOm4zOkyhlQhejqgU26531Sdx5mcdNVjc02qDUR30QCfHAGhGsEOvSPrvQ
2024-12-03 11:23:49,051: INFO: API_logger: URL details:https://api-m.sandbox.paypal.com/v2/invoicing/generate-next-invoice-number
2024-12-03 11:23:49,051: INFO: API_logger: Header details:{'Content-Type': 'application/json', 'prefer': 'return=representation'},None
2024-12-03 11:23:49,052: INFO: API_logger: Payload details:None
2024-12-03 11:23:49,052: INFO: API_logger: status code:401
2024-12-03 11:23:49,052: CRITICAL: API_logger: POST request failed:401 Client Error: Unauthorized for url: https://api-m.sandbox.paypal.com/v2/invoicing/generate-next-invoice-number
2024-12-03 11:23:49,521: INFO: API_logger: URL details:https://api-m.sandbox.paypal.com/v1/oauth2/token
2024-12-03 11:23:49,522: INFO: API_logger: Header details:{'Content-Type': 'application/json', 'prefer': 'return=representation', 'Authorization': 'Bearer <Utils.BaseClass.BaseClass object at 0x00000204F7B6E750>'},None
2024-12-03 11:23:49,522: INFO: API_logger: Payload details:None
2024-12-03 11:23:49,523: INFO: API_logger: status code:200
2024-12-03 11:23:49,523: INFO: API_logger: A21AAJrcnFiikzczUggoAujdZASsfxxh3Fgu4NDGOm4zOkyhlQhejqgU26531Sdx5mcdNVjc02qDUR30QCfHAGhGsEOvSPrvQ
2024-12-03 11:23:52,104: INFO: API_logger: URL details:https://api-m.sandbox.paypal.com/v2/invoicing/invoices
2024-12-03 11:23:52,106: INFO: API_logger: List of invoice ID: ['INV2-BAMZ-SVPJ-AV46-TGNS', 'INV2-TXAT-JE5G-DDE5-GXZ6', 'INV2-WFGF-ZCMH-3CJ7-B9G8', 'INV2-LHTZ-QPLV-SXNG-V8P7', 'INV2-UKZQ-2JA5-5UG2-CZN8', 'INV2-GZDC-S554-PQNC-A4C2', 'INV2-G6SE-MXHD-MFH8-P7T5', 'INV2-6U42-GVXJ-9LUR-F2KY', 'INV2-GHYM-VA53-35E6-YUQ2', 'INV2-87KY-UH48-C9DM-95GU']
2024-12-03 11:23:52,107: INFO: API_logger: ID not present
