2024-12-02 14:30:09,017: INFO: API_logger: URL details:https://api-m.sandbox.paypal.com/v1/oauth2/token
2024-12-02 14:30:09,019: INFO: API_logger: Header details:{'Content-Type': 'application/json', 'prefer': 'return=representation'},None
2024-12-02 14:30:09,021: INFO: API_logger: Payload details:None
2024-12-02 14:30:09,022: INFO: API_logger: status code:200
2024-12-02 14:30:09,023: INFO: API_logger: A21AAJNQ8tlgzpEyaKjgle6zsOFeprhkR6Vj2MUjRbXMBgsbb9Jmod0tJ8Lrar1QX75AutY_t2kKJK1o6tOKnhlVZxhr3RatQ
2024-12-02 14:30:09,692: INFO: API_logger: URL details:https://api-m.sandbox.paypal.com/v1/catalogs/products
2024-12-02 14:30:09,693: INFO: API_logger: Header details:{'Content-Type': 'application/json', 'prefer': 'return=representation', 'Authorization': 'Bearer A21AAJNQ8tlgzpEyaKjgle6zsOFeprhkR6Vj2MUjRbXMBgsbb9Jmod0tJ8Lrar1QX75AutY_t2kKJK1o6tOKnhlVZxhr3RatQ'},None
2024-12-02 14:30:09,696: INFO: API_logger: Payload details:{'name': 'T-shirt', 'type': 'PHYSICAL', 'id': 2345678984, 'description': 'Cotton XL', 'category': 'CLOTHING', 'image_url': 'https://example.com/gallary/images/2345678989.jpg', 'home_url': 'https://example.com/catalog/2345678989.jpg'}
2024-12-02 14:30:09,697: INFO: API_logger: status code:201
2024-12-02 14:30:09,697: INFO: API_logger: Response JSON: {'id': '2345678984', 'name': 'T-shirt', 'description': 'Cotton XL', 'type': 'PHYSICAL', 'category': 'CLOTHING', 'image_url': 'https://example.com/gallary/images/2345678989.jpg', 'home_url': 'https://example.com/catalog/2345678989.jpg', 'create_time': '2024-12-02T09:00:28Z', 'update_time': '2024-12-02T09:00:28Z', 'links': [{'href': 'https://api.sandbox.paypal.com/v1/catalogs/products/2345678984', 'rel': 'self', 'method': 'GET'}, {'href': 'https://api.sandbox.paypal.com/v1/catalogs/products/2345678984', 'rel': 'edit', 'method': 'PATCH'}]}
2024-12-02 14:30:10,110: INFO: API_logger: URL details:https://api-m.sandbox.paypal.com/v1/oauth2/token
2024-12-02 14:30:10,111: INFO: API_logger: Header details:{'Content-Type': 'application/json', 'prefer': 'return=representation', 'Authorization': 'Bearer <Utils.BaseClass.BaseClass object at 0x000001B4BE4F3770>'},None
2024-12-02 14:30:10,112: INFO: API_logger: Payload details:None
2024-12-02 14:30:10,113: INFO: API_logger: status code:200
2024-12-02 14:30:10,114: INFO: API_logger: A21AAJiTx_tlCrOM7cj4EhzuiMopYoz3FbdQx_guYflx8a13UqVeHJdbRbVjKia-riBP1f8ijEnOpgWGrjDNq4eMfkuXCb-Tw
2024-12-02 14:30:10,147: CRITICAL: API_logger: POST request failed:Out of range float values are not JSON compliant: nan
2024-12-02 14:30:10,149: CRITICAL: API_logger: Expected response, got None
2024-12-02 14:30:10,149: CRITICAL: API_logger: Request failed: None
2024-12-02 14:30:12,260: INFO: API_logger: URL details:https://api-m.sandbox.paypal.com/v1/oauth2/token
2024-12-02 14:30:12,261: INFO: API_logger: Header details:{'Content-Type': 'application/json', 'prefer': 'return=representation', 'Authorization': 'Bearer A21AAJiTx_tlCrOM7cj4EhzuiMopYoz3FbdQx_guYflx8a13UqVeHJdbRbVjKia-riBP1f8ijEnOpgWGrjDNq4eMfkuXCb-Tw'},None
2024-12-02 14:30:12,262: INFO: API_logger: Payload details:None
2024-12-02 14:30:12,263: INFO: API_logger: status code:200
2024-12-02 14:30:12,264: INFO: API_logger: A21AAJiTx_tlCrOM7cj4EhzuiMopYoz3FbdQx_guYflx8a13UqVeHJdbRbVjKia-riBP1f8ijEnOpgWGrjDNq4eMfkuXCb-Tw
2024-12-02 14:30:13,340: INFO: API_logger: URL details:https://api-m.sandbox.paypal.com/v1/catalogs/products
2024-12-02 14:30:13,341: INFO: API_logger: Header details:{'Content-Type': 'application/json', 'prefer': 'return=representation', 'Authorization': 'Bearer A21AAJiTx_tlCrOM7cj4EhzuiMopYoz3FbdQx_guYflx8a13UqVeHJdbRbVjKia-riBP1f8ijEnOpgWGrjDNq4eMfkuXCb-Tw'},None
2024-12-02 14:30:13,343: INFO: API_logger: Payload details:{'name': 'Kurtha', 'type': '5232342', 'id': 7654323456, 'description': 'Cotton XL', 'category': 'CLOTHING', 'image_url': 'https://example.com/gallary/images/7654323456.jpg', 'home_url': 'https://example.com/catalog/7654323456.jpg'}
2024-12-02 14:30:13,344: INFO: API_logger: status code:400
2024-12-02 14:30:13,346: CRITICAL: API_logger: POST request failed:400 Client Error: Bad Request for url: https://api-m.sandbox.paypal.com/v1/catalogs/products
2024-12-02 14:30:13,348: INFO: API_logger: Response JSON: {'name': 'INVALID_REQUEST', 'message': 'Request is not well-formed, syntactically incorrect, or violates schema.', 'debug_id': 'f7819912b0b56', 'details': [{'field': '/type', 'value': '5232342', 'location': 'body', 'issue': 'INVALID_PARAMETER_VALUE', 'description': 'The value of a field is invalid.'}], 'links': [{'href': 'https://developer.paypal.com/docs/api/v1/billing/subscriptions#INVALID_REQUEST', 'rel': 'information_link', 'method': 'GET'}]}
