2024-12-03 12:28:32,612: INFO: API_logger: URL details:https://api-m.sandbox.paypal.com/v1/oauth2/token
2024-12-03 12:28:32,613: INFO: API_logger: Header details:{'Content-Type': 'application/json', 'prefer': 'return=representation'},None
2024-12-03 12:28:32,613: INFO: API_logger: Payload details:None
2024-12-03 12:28:32,614: INFO: API_logger: status code:200
2024-12-03 12:28:32,614: INFO: API_logger: A21AALH6mPOj0XwAncqG5f6N6wAOsWAhTbm0DMJOw9e_4irK0P4_3WLwTwNL_4lm2mqTTa_pWwLBh9Lc5aKe-K-osqeL-Cppg
2024-12-03 12:28:33,599: INFO: API_logger: URL details:https://api-m.sandbox.paypal.com/v2/invoicing/generate-next-invoice-number
2024-12-03 12:28:33,599: INFO: API_logger: Header details:{'Content-Type': 'application/json', 'prefer': 'return=representation', 'Authorization': 'Bearer A21AALH6mPOj0XwAncqG5f6N6wAOsWAhTbm0DMJOw9e_4irK0P4_3WLwTwNL_4lm2mqTTa_pWwLBh9Lc5aKe-K-osqeL-Cppg'},None
2024-12-03 12:28:33,601: INFO: API_logger: Payload details:None
2024-12-03 12:28:33,601: INFO: API_logger: status code:200
2024-12-03 12:28:33,602: INFO: API_logger: Generated invoice Number: 0.9119260045397727
2024-12-03 12:28:34,517: INFO: API_logger: URL details:https://api-m.sandbox.paypal.com/v1/oauth2/token
2024-12-03 12:28:34,517: INFO: API_logger: Header details:{'Content-Type': 'application/json', 'prefer': 'return=representation', 'Authorization': 'Bearer <Utils.BaseClass.BaseClass object at 0x000001EE5BE8E420>'},None
2024-12-03 12:28:34,518: INFO: API_logger: Payload details:None
2024-12-03 12:28:34,518: INFO: API_logger: status code:200
2024-12-03 12:28:34,519: INFO: API_logger: A21AALH6mPOj0XwAncqG5f6N6wAOsWAhTbm0DMJOw9e_4irK0P4_3WLwTwNL_4lm2mqTTa_pWwLBh9Lc5aKe-K-osqeL-Cppg
2024-12-03 12:28:35,303: INFO: API_logger: URL details:https://api-m.sandbox.paypal.com/v2/invoicing/invoices
2024-12-03 12:28:35,304: INFO: API_logger: Header details:{'Content-Type': 'application/json', 'prefer': 'return=representation', 'Authorization': 'Bearer A21AALH6mPOj0XwAncqG5f6N6wAOsWAhTbm0DMJOw9e_4irK0P4_3WLwTwNL_4lm2mqTTa_pWwLBh9Lc5aKe-K-osqeL-Cppg'},None
2024-12-03 12:28:35,304: INFO: API_logger: Payload details:{'detail': {'invoice_number': '0.9119260045397727', 'invoice_date': '2022-02-04', 'payment_term': {'term_type': 'NET_10', 'due_date': '2022-02-14'}, 'currency_code': 'USD', 'reference': '<The reference data. Includes a post office (PO) number.>', 'note': '<A note to the invoice recipient. Also appears on the invoice notification email.>', 'terms_and_conditions': '<The general terms of the invoice. Can include return or cancellation policy and other terms and conditions.>', 'memo': '<A private bookkeeping note for merchant.>'}, 'invoicer': {'name': {'given_name': 'David', 'surname': 'Larusso'}, 'address': {'address_line_1': '123 Townsend St', 'address_line_2': 'Floor 6', 'admin_area_2': 'San Francisco', 'admin_area_1': 'CA', 'postal_code': '94107', 'country_code': 'US'}, 'phones': [{'country_code': '001', 'national_number': '4085551234', 'phone_type': 'MOBILE'}], 'website': 'www.example.com', 'tax_id': 'XX-XXXXXXX', 'logo_url': 'https://example.com/logo.png', 'additional_notes': '<Any additional information. Includes business hours.>'}, 'primary_recipients': [{'billing_info': {'name': {'given_name': 'Stephanie', 'surname': 'Meyers'}, 'address': {'address_line_1': '1234 Main Street', 'admin_area_2': 'Anytown', 'admin_area_1': 'CA', 'postal_code': '98765', 'country_code': 'US'}, 'email_address': 'foobuyer@example.com', 'phones': [{'country_code': '001', 'national_number': '4884551234', 'phone_type': 'HOME'}], 'additional_info_value': 'add-info'}, 'shipping_info': {'name': {'given_name': 'Stephanie', 'surname': 'Meyers'}, 'address': {'address_line_1': '1234 Main Street', 'admin_area_2': 'Anytown', 'admin_area_1': 'CA', 'postal_code': '98765', 'country_code': 'US'}}}], 'items': [{'name': 'Yoga Mat', 'description': 'Elastic mat to practice yoga.', 'quantity': '1', 'unit_amount': {'currency_code': 'USD', 'value': '50.00'}, 'tax': {'name': 'Sales Tax', 'percent': '7.25'}, 'discount': {'percent': '5'}, 'unit_of_measure': 'QUANTITY'}, {'name': 'Yoga t-shirt', 'quantity': '1', 'unit_amount': {'currency_code': 'USD', 'value': '10.00'}, 'tax': {'name': 'Sales Tax', 'percent': '7.25'}, 'discount': {'amount': {'currency_code': 'USD', 'value': '5.00'}}, 'unit_of_measure': 'QUANTITY'}], 'configuration': {'partial_payment': {'allow_partial_payment': True, 'minimum_amount_due': {'currency_code': 'USD', 'value': '20.00'}}, 'allow_tip': True, 'tax_calculated_after_discount': True, 'tax_inclusive': False}, 'amount': {'breakdown': {'custom': {'label': 'Packing Charges', 'amount': {'currency_code': 'USD', 'value': '10.00'}}, 'shipping': {'amount': {'currency_code': 'USD', 'value': '10.00'}, 'tax': {'name': 'Sales Tax', 'percent': '7.25'}}, 'discount': {'invoice_discount': {'percent': '5'}}}}}
2024-12-03 12:28:35,305: INFO: API_logger: status code:201
2024-12-03 12:28:35,306: INFO: API_logger: Generated Invoice ID is: INV2-B6GJ-5FTR-KG5N-TS8D
2024-12-03 12:28:35,679: INFO: API_logger: URL details:https://api-m.sandbox.paypal.com/v1/oauth2/token
2024-12-03 12:28:35,680: INFO: API_logger: Header details:{'Content-Type': 'application/json', 'prefer': 'return=representation', 'Authorization': 'Bearer <Utils.BaseClass.BaseClass object at 0x000001EE5BE8E420>'},None
2024-12-03 12:28:35,680: INFO: API_logger: Payload details:None
2024-12-03 12:28:35,680: INFO: API_logger: status code:200
2024-12-03 12:28:35,681: INFO: API_logger: A21AALH6mPOj0XwAncqG5f6N6wAOsWAhTbm0DMJOw9e_4irK0P4_3WLwTwNL_4lm2mqTTa_pWwLBh9Lc5aKe-K-osqeL-Cppg
2024-12-03 12:28:36,106: INFO: API_logger: URL details:https://api-m.sandbox.paypal.com/v2/invoicing/invoices/INV2-B6GJ-5FTR-KG5N-TS8D
2024-12-03 12:28:36,107: INFO: API_logger: {'id': 'INV2-B6GJ-5FTR-KG5N-TS8D', 'status': 'DRAFT', 'detail': {'reference': '<The reference data. Includes a post office (PO) number.>', 'currency_code': 'USD', 'note': '<A note to the invoice recipient. Also appears on the invoice notification email.>', 'terms_and_conditions': '<The general terms of the invoice. Can include return or cancellation policy and other terms and conditions.>', 'memo': '<A private bookkeeping note for merchant.>', 'additional_data': '<Any additional information. Includes business hours.>', 'category_code': 'SHIPPABLE', 'invoice_number': '0.9119260045397727', 'invoice_date': '2022-02-04', 'payment_term': {'term_type': 'NET_10', 'due_date': '2022-02-14'}, 'viewed_by_recipient': False, 'group_draft': False, 'metadata': {'create_time': '2024-12-03T06:58:54Z', 'last_update_time': '2024-12-03T06:58:54Z', 'created_by_flow': 'REGULAR_SINGLE', 'recipient_view_url': 'https://www.sandbox.paypal.com/invoice/p/#B6GJ5FTRKG5NTS8D', 'invoicer_view_url': 'https://www.sandbox.paypal.com/invoice/details/INV2-B6GJ-5FTR-KG5N-TS8D', 'caller_type': 'API_V2_INVOICE', 'spam_info': {}}, 'archived': False}, 'invoicer': {'name': {'given_name': 'David', 'surname': 'Larusso', 'full_name': 'David Larusso'}, 'address': {'address_line_1': '123 Townsend St', 'address_line_2': 'Floor 6', 'admin_area_2': 'San Francisco', 'admin_area_1': 'CA', 'postal_code': '94107', 'country_code': 'US'}, 'phones': [{'country_code': '001', 'national_number': '4085551234', 'phone_type': 'MOBILE'}], 'website': 'www.example.com', 'tax_id': 'XX-XXXXXXX', 'additional_notes': '<Any additional information. Includes business hours.>', 'logo_url': 'https://example.com/logo.png'}, 'primary_recipients': [{'billing_info': {'name': {'given_name': 'Stephanie', 'surname': 'Meyers', 'full_name': 'Stephanie Meyers'}, 'address': {'address_line_1': '1234 Main Street', 'admin_area_2': 'Anytown', 'admin_area_1': 'CA', 'postal_code': '98765', 'country_code': 'US'}, 'email_address': 'foobuyer@example.com'}, 'shipping_info': {'name': {'given_name': 'Stephanie', 'surname': 'Meyers', 'full_name': 'Stephanie Meyers'}, 'address': {'address_line_1': '1234 Main Street', 'admin_area_2': 'Anytown', 'admin_area_1': 'CA', 'postal_code': '98765', 'country_code': 'US'}}}], 'items': [{'id': 'ITEM-3X295161016439718', 'name': 'Yoga Mat', 'description': 'Elastic mat to practice yoga.', 'quantity': '1', 'unit_amount': {'currency_code': 'USD', 'value': '50.00'}, 'tax': {'id': 'TAX-7Y84379857950925F', 'name': 'Sales Tax', 'percent': '7.25', 'amount': {'currency_code': 'USD', 'value': '3.27'}}, 'discount': {'percent': '5', 'amount': {'currency_code': 'USD', 'value': '-2.50'}}, 'unit_of_measure': 'QUANTITY'}, {'id': 'ITEM-9AR83695XP071844T', 'name': 'Yoga t-shirt', 'quantity': '1', 'unit_amount': {'currency_code': 'USD', 'value': '10.00'}, 'tax': {'id': 'TAX-7Y84379857950925F', 'name': 'Sales Tax', 'percent': '7.25', 'amount': {'currency_code': 'USD', 'value': '0.34'}}, 'discount': {'amount': {'currency_code': 'USD', 'value': '-5.00'}}, 'unit_of_measure': 'QUANTITY'}], 'configuration': {'tax_calculated_after_discount': True, 'tax_inclusive': False, 'allow_tip': True, 'partial_payment': {'allow_partial_payment': True, 'minimum_amount_due': {'currency_code': 'USD', 'value': '20.00'}}, 'template_id': 'TEMP-28V77063BR4038903'}, 'amount': {'breakdown': {'item_total': {'currency_code': 'USD', 'value': '60.00'}, 'discount': {'invoice_discount': {'percent': '5', 'amount': {'currency_code': 'USD', 'value': '-2.63'}}, 'item_discount': {'currency_code': 'USD', 'value': '-7.50'}}, 'tax_total': {'currency_code': 'USD', 'value': '4.34'}, 'shipping': {'amount': {'currency_code': 'USD', 'value': '10.00'}, 'tax': {'id': 'TAX-7Y84379857950925F', 'name': 'Sales Tax', 'percent': '7.25', 'amount': {'currency_code': 'USD', 'value': '0.73'}}}, 'custom': {'label': 'Packing Charges', 'amount': {'currency_code': 'USD', 'value': '10.00'}}}, 'currency_code': 'USD', 'value': '74.21'}, 'due_amount': {'currency_code': 'USD', 'value': '74.21'}, 'links': [{'href': 'https://api.sandbox.paypal.com/v2/invoicing/invoices/INV2-B6GJ-5FTR-KG5N-TS8D', 'rel': 'self', 'method': 'GET'}, {'href': 'https://api.sandbox.paypal.com/v2/invoicing/invoices/INV2-B6GJ-5FTR-KG5N-TS8D/send', 'rel': 'send', 'method': 'POST'}, {'href': 'https://api.sandbox.paypal.com/v2/invoicing/invoices/INV2-B6GJ-5FTR-KG5N-TS8D', 'rel': 'replace', 'method': 'PUT'}, {'href': 'https://api.sandbox.paypal.com/v2/invoicing/invoices/INV2-B6GJ-5FTR-KG5N-TS8D', 'rel': 'delete', 'method': 'DELETE'}, {'href': 'https://api.sandbox.paypal.com/v2/invoicing/invoices/INV2-B6GJ-5FTR-KG5N-TS8D/payments', 'rel': 'record-payment', 'method': 'POST'}], 'unilateral': False}
2024-12-03 12:28:36,109: INFO: API_logger: Successfully retrieved invoice details for ID: INV2-B6GJ-5FTR-KG5N-TS8D
2024-12-03 12:28:37,104: INFO: API_logger: URL details:https://api-m.sandbox.paypal.com/v1/oauth2/token
2024-12-03 12:28:37,104: INFO: API_logger: Header details:{'Content-Type': 'application/json', 'prefer': 'return=representation', 'Authorization': 'Bearer A21AALH6mPOj0XwAncqG5f6N6wAOsWAhTbm0DMJOw9e_4irK0P4_3WLwTwNL_4lm2mqTTa_pWwLBh9Lc5aKe-K-osqeL-Cppg'},None
2024-12-03 12:28:37,104: INFO: API_logger: Payload details:None
2024-12-03 12:28:37,104: INFO: API_logger: status code:200
2024-12-03 12:28:37,105: INFO: API_logger: A21AALH6mPOj0XwAncqG5f6N6wAOsWAhTbm0DMJOw9e_4irK0P4_3WLwTwNL_4lm2mqTTa_pWwLBh9Lc5aKe-K-osqeL-Cppg
2024-12-03 12:28:38,020: INFO: API_logger: URL details:https://api-m.sandbox.paypal.com/v2/invoicing/invoices/INV2-B6GJ-5FTR-KG5N-TS8D
2024-12-03 12:28:38,021: INFO: API_logger: Header details:{'Content-Type': 'application/json', 'prefer': 'return=representation', 'Authorization': 'Bearer A21AALH6mPOj0XwAncqG5f6N6wAOsWAhTbm0DMJOw9e_4irK0P4_3WLwTwNL_4lm2mqTTa_pWwLBh9Lc5aKe-K-osqeL-Cppg'},None
2024-12-03 12:28:38,022: INFO: API_logger: Payload details:{'id': 'INV2-B6GJ-5FTR-KG5N-TS8D', 'status': 'DRAFT', 'detail': {'invoice_number': 0.25256460454859175, 'reference': 'deal-reference-update', 'invoice_date': '2018-11-12', 'currency_code': 'USD', 'note': 'Thank you for your business.', 'term': 'No refunds after 30 days.', 'memo': 'This is a long contract', 'payment_term': {'term_type': 'NET_10', 'due_date': '2018-11-22'}}, 'invoicer': {'name': {'given_name': 'David', 'surname': 'Larusso'}, 'address': {'address_line_1': '1234 First Street', 'address_line_2': '337673 Hillside Court', 'admin_area_2': 'Anytown', 'admin_area_1': 'CA', 'postal_code': '98765', 'country_code': 'US'}, 'phones': [{'country_code': '001', 'national_number': '4085551234', 'phone_type': 'MOBILE'}], 'website': 'www.test.com', 'tax_id': 'ABcNkWSfb5ICTt73nD3QON1fnnpgNKBy-Jb5SeuGj185MNNw6g', 'logo_url': 'https://example.com/logo.PNG', 'additional_notes': '2-4'}, 'primary_recipients': [{'billing_info': {'name': {'given_name': 'Stephanie', 'surname': 'Meyers'}, 'address': {'address_line_1': '1234 Main Street', 'admin_area_2': 'Anytown', 'admin_area_1': 'CA', 'postal_code': '98765', 'country_code': 'US'}, 'email_address': 'foobuyer@gmail.com', 'phones': [{'country_code': '001', 'national_number': '4884551234', 'phone_type': 'HOME'}], 'additional_info_value': 'add-info'}, 'shipping_info': {'name': {'given_name': 'Stephanie', 'surname': 'Meyers'}, 'address': {'address_line_1': '1234 Main Street', 'admin_area_2': 'Anytown', 'admin_area_1': 'CA', 'postal_code': '98765', 'country_code': 'US'}}}], 'items': [{'name': 'Yoga Mat', 'description': 'Elastic mat to practice yoga.', 'quantity': '1', 'unit_amount': {'currency_code': 'USD', 'value': '50.00'}, 'tax': {'name': 'Sales Tax', 'percent': '7.25', 'amount': {'currency_code': 'USD', 'value': '3.27'}}, 'discount': {'percent': '5', 'amount': {'currency_code': 'USD', 'value': '2.5'}}, 'unit_of_measure': 'QUANTITY'}, {'name': 'Yoga t-shirt', 'quantity': '1', 'unit_amount': {'currency_code': 'USD', 'value': '10.00'}, 'tax': {'name': 'Sales Tax', 'percent': '7.25', 'amount': {'currency_code': 'USD', 'value': '0.34'}}, 'discount': {'amount': {'currency_code': 'USD', 'value': '5.00'}}, 'unit_of_measure': 'QUANTITY'}], 'configuration': {'partial_payment': {'allow_partial_payment': True, 'minimum_amount_due': {'currency_code': 'USD', 'value': '20.00'}}, 'allow_tip': True, 'tax_calculated_after_discount': True, 'tax_inclusive': False}, 'amount': {'currency_code': 'USD', 'value': '74.21', 'breakdown': {'item_total': {'currency_code': 'USD', 'value': '60.00'}, 'custom': {'label': 'Packing Charges', 'amount': {'currency_code': 'USD', 'value': '10.00'}}, 'shipping': {'amount': {'currency_code': 'USD', 'value': '10.00'}, 'tax': {'name': 'Sales Tax', 'percent': '7.25', 'amount': {'currency_code': 'USD', 'value': '0.73'}}}, 'discount': {'item_discount': {'currency_code': 'USD', 'value': '-7.50'}, 'invoice_discount': {'percent': '5', 'amount': {'currency_code': 'USD', 'value': '-2.63'}}}, 'tax_total': {'currency_code': 'USD', 'value': '4.34'}}}}
2024-12-03 12:28:38,022: INFO: API_logger: status code:200
2024-12-03 12:28:38,023: INFO: API_logger: {'id': 'INV2-B6GJ-5FTR-KG5N-TS8D', 'status': 'DRAFT', 'detail': {'reference': 'deal-reference-update', 'currency_code': 'USD', 'note': 'Thank you for your business.', 'memo': 'This is a long contract', 'additional_data': '2-4', 'category_code': 'SHIPPABLE', 'invoice_number': '0.25256460454859175', 'invoice_date': '2018-11-12', 'payment_term': {'term_type': 'NET_10', 'due_date': '2018-11-22'}, 'viewed_by_recipient': False, 'group_draft': False, 'metadata': {'create_time': '2024-12-03T06:58:54Z', 'last_update_time': '2024-12-03T06:58:57Z', 'created_by_flow': 'REGULAR_SINGLE', 'recipient_view_url': 'https://www.sandbox.paypal.com/invoice/p/#B6GJ5FTRKG5NTS8D', 'invoicer_view_url': 'https://www.sandbox.paypal.com/invoice/details/INV2-B6GJ-5FTR-KG5N-TS8D', 'caller_type': 'API_V2_INVOICE', 'spam_info': {}}, 'archived': False}, 'invoicer': {'name': {'given_name': 'David', 'surname': 'Larusso', 'full_name': 'David Larusso'}, 'address': {'address_line_1': '1234 First Street', 'address_line_2': '337673 Hillside Court', 'admin_area_2': 'Anytown', 'admin_area_1': 'CA', 'postal_code': '98765', 'country_code': 'US'}, 'phones': [{'country_code': '001', 'national_number': '4085551234', 'phone_type': 'MOBILE'}], 'website': 'www.test.com', 'tax_id': 'ABcNkWSfb5ICTt73nD3QON1fnnpgNKBy-Jb5SeuGj185MNNw6g', 'additional_notes': '2-4', 'logo_url': 'https://example.com/logo.PNG'}, 'primary_recipients': [{'billing_info': {'name': {'given_name': 'Stephanie', 'surname': 'Meyers', 'full_name': 'Stephanie Meyers'}, 'address': {'address_line_1': '1234 Main Street', 'admin_area_2': 'Anytown', 'admin_area_1': 'CA', 'postal_code': '98765', 'country_code': 'US'}, 'email_address': 'foobuyer@gmail.com'}, 'shipping_info': {'name': {'given_name': 'Stephanie', 'surname': 'Meyers', 'full_name': 'Stephanie Meyers'}, 'address': {'address_line_1': '1234 Main Street', 'admin_area_2': 'Anytown', 'admin_area_1': 'CA', 'postal_code': '98765', 'country_code': 'US'}}}], 'items': [{'id': 'ITEM-3X295161016439718', 'name': 'Yoga Mat', 'description': 'Elastic mat to practice yoga.', 'quantity': '1', 'unit_amount': {'currency_code': 'USD', 'value': '50.00'}, 'tax': {'id': 'TAX-7Y84379857950925F', 'name': 'Sales Tax', 'percent': '7.25', 'amount': {'currency_code': 'USD', 'value': '3.27'}}, 'discount': {'percent': '5', 'amount': {'currency_code': 'USD', 'value': '-2.50'}}, 'unit_of_measure': 'QUANTITY'}, {'id': 'ITEM-9AR83695XP071844T', 'name': 'Yoga t-shirt', 'quantity': '1', 'unit_amount': {'currency_code': 'USD', 'value': '10.00'}, 'tax': {'id': 'TAX-7Y84379857950925F', 'name': 'Sales Tax', 'percent': '7.25', 'amount': {'currency_code': 'USD', 'value': '0.34'}}, 'discount': {'amount': {'currency_code': 'USD', 'value': '-5.00'}}, 'unit_of_measure': 'QUANTITY'}], 'configuration': {'tax_calculated_after_discount': True, 'tax_inclusive': False, 'allow_tip': True, 'partial_payment': {'allow_partial_payment': True, 'minimum_amount_due': {'currency_code': 'USD', 'value': '20.00'}}, 'template_id': 'TEMP-28V77063BR4038903'}, 'amount': {'breakdown': {'item_total': {'currency_code': 'USD', 'value': '60.00'}, 'discount': {'invoice_discount': {'percent': '5', 'amount': {'currency_code': 'USD', 'value': '-2.63'}}, 'item_discount': {'currency_code': 'USD', 'value': '-7.50'}}, 'tax_total': {'currency_code': 'USD', 'value': '4.34'}, 'shipping': {'amount': {'currency_code': 'USD', 'value': '10.00'}, 'tax': {'id': 'TAX-7Y84379857950925F', 'name': 'Sales Tax', 'percent': '7.25', 'amount': {'currency_code': 'USD', 'value': '0.73'}}}, 'custom': {'label': 'Packing Charges', 'amount': {'currency_code': 'USD', 'value': '10.00'}}}, 'currency_code': 'USD', 'value': '74.21'}, 'due_amount': {'currency_code': 'USD', 'value': '74.21'}, 'links': [{'href': 'https://api.sandbox.paypal.com/v2/invoicing/invoices/INV2-B6GJ-5FTR-KG5N-TS8D', 'rel': 'self', 'method': 'GET'}, {'href': 'https://api.sandbox.paypal.com/v2/invoicing/invoices/INV2-B6GJ-5FTR-KG5N-TS8D/send', 'rel': 'send', 'method': 'POST'}, {'href': 'https://api.sandbox.paypal.com/v2/invoicing/invoices/INV2-B6GJ-5FTR-KG5N-TS8D', 'rel': 'replace', 'method': 'PUT'}, {'href': 'https://api.sandbox.paypal.com/v2/invoicing/invoices/INV2-B6GJ-5FTR-KG5N-TS8D', 'rel': 'delete', 'method': 'DELETE'}, {'href': 'https://api.sandbox.paypal.com/v2/invoicing/invoices/INV2-B6GJ-5FTR-KG5N-TS8D/payments', 'rel': 'record-payment', 'method': 'POST'}], 'unilateral': False}
2024-12-03 12:28:38,428: INFO: API_logger: URL details:https://api-m.sandbox.paypal.com/v1/oauth2/token
2024-12-03 12:28:38,429: INFO: API_logger: Header details:{'Content-Type': 'application/json', 'prefer': 'return=representation', 'Authorization': 'Bearer <Utils.BaseClass.BaseClass object at 0x000001EE5BE8E420>'},None
2024-12-03 12:28:38,429: INFO: API_logger: Payload details:None
2024-12-03 12:28:38,429: INFO: API_logger: status code:200
2024-12-03 12:28:38,430: INFO: API_logger: A21AALH6mPOj0XwAncqG5f6N6wAOsWAhTbm0DMJOw9e_4irK0P4_3WLwTwNL_4lm2mqTTa_pWwLBh9Lc5aKe-K-osqeL-Cppg
2024-12-03 12:28:39,012: INFO: API_logger: URL details:https://api-m.sandbox.paypal.com/v2/invoicing/invoices/INV2-B6GJ-5FTR-KG5N-TS8D
2024-12-03 12:28:39,382: INFO: API_logger: URL details:https://api-m.sandbox.paypal.com/v1/oauth2/token
2024-12-03 12:28:39,383: INFO: API_logger: Header details:{'Content-Type': 'application/json', 'prefer': 'return=representation', 'Authorization': 'Bearer A21AALH6mPOj0XwAncqG5f6N6wAOsWAhTbm0DMJOw9e_4irK0P4_3WLwTwNL_4lm2mqTTa_pWwLBh9Lc5aKe-K-osqeL-Cppg'},None
2024-12-03 12:28:39,383: INFO: API_logger: Payload details:None
2024-12-03 12:28:39,383: INFO: API_logger: status code:200
2024-12-03 12:28:39,383: INFO: API_logger: A21AALH6mPOj0XwAncqG5f6N6wAOsWAhTbm0DMJOw9e_4irK0P4_3WLwTwNL_4lm2mqTTa_pWwLBh9Lc5aKe-K-osqeL-Cppg
2024-12-03 12:28:39,758: INFO: API_logger: URL details:https://api-m.sandbox.paypal.com/v1/oauth2/token
2024-12-03 12:28:39,758: INFO: API_logger: Header details:{'Content-Type': 'application/json', 'prefer': 'return=representation', 'Authorization': 'Bearer A21AALH6mPOj0XwAncqG5f6N6wAOsWAhTbm0DMJOw9e_4irK0P4_3WLwTwNL_4lm2mqTTa_pWwLBh9Lc5aKe-K-osqeL-Cppg'},None
2024-12-03 12:28:39,759: INFO: API_logger: Payload details:None
2024-12-03 12:28:39,759: INFO: API_logger: status code:200
2024-12-03 12:28:40,132: INFO: API_logger: URL details:https://api-m.sandbox.paypal.com/v1/oauth2/token
2024-12-03 12:28:40,133: INFO: API_logger: Header details:{'Content-Type': 'application/json', 'prefer': 'return=representation', 'Authorization': 'Bearer <Utils.BaseClass.BaseClass object at 0x000001EE5BE8E420>'},None
2024-12-03 12:28:40,133: INFO: API_logger: Payload details:None
2024-12-03 12:28:40,133: INFO: API_logger: status code:200
2024-12-03 12:28:40,133: INFO: API_logger: A21AALH6mPOj0XwAncqG5f6N6wAOsWAhTbm0DMJOw9e_4irK0P4_3WLwTwNL_4lm2mqTTa_pWwLBh9Lc5aKe-K-osqeL-Cppg
2024-12-03 12:28:41,029: INFO: API_logger: URL details:https://api-m.sandbox.paypal.com/v1/oauth2/token
2024-12-03 12:28:41,029: INFO: API_logger: Header details:{'Content-Type': 'application/json', 'prefer': 'return=representation', 'Authorization': 'Bearer A21AALH6mPOj0XwAncqG5f6N6wAOsWAhTbm0DMJOw9e_4irK0P4_3WLwTwNL_4lm2mqTTa_pWwLBh9Lc5aKe-K-osqeL-Cppg'},None
2024-12-03 12:28:41,029: INFO: API_logger: Payload details:None
2024-12-03 12:28:41,029: INFO: API_logger: status code:401
2024-12-03 12:28:41,029: CRITICAL: API_logger: POST request failed:401 Client Error: Unauthorized for url: https://api-m.sandbox.paypal.com/v1/oauth2/token
2024-12-03 12:28:41,942: INFO: API_logger: URL details:https://api-m.sandbox.paypal.com/v1/oauth2/token
2024-12-03 12:28:41,942: INFO: API_logger: Header details:{'Content-Type': 'application/json', 'prefer': 'return=representation', 'Authorization': 'Bearer <Utils.BaseClass.BaseClass object at 0x000001EE5BE8E420>'},None
2024-12-03 12:28:41,943: INFO: API_logger: Payload details:None
2024-12-03 12:28:41,943: INFO: API_logger: status code:200
2024-12-03 12:28:41,944: INFO: API_logger: A21AALH6mPOj0XwAncqG5f6N6wAOsWAhTbm0DMJOw9e_4irK0P4_3WLwTwNL_4lm2mqTTa_pWwLBh9Lc5aKe-K-osqeL-Cppg
2024-12-03 12:28:43,087: INFO: API_logger: URL details:https://api-m.sandbox.paypal.com/v1/catalogs/products
2024-12-03 12:28:43,087: INFO: API_logger: Header details:{'Content-Type': 'application/json', 'prefer': 'return=representation', 'Authorization': 'Bearer A21AALH6mPOj0XwAncqG5f6N6wAOsWAhTbm0DMJOw9e_4irK0P4_3WLwTwNL_4lm2mqTTa_pWwLBh9Lc5aKe-K-osqeL-Cppg'},None
2024-12-03 12:28:43,088: INFO: API_logger: Payload details:{'name': 'T-shirt', 'type': 'PHYSICAL', 'id': 2345678986, 'description': 'Cotton XL', 'category': 'CLOTHING', 'image_url': 'https://example.com/gallary/images/2345678986.jpg', 'home_url': 'https://example.com/catalog/2345678986.jpg'}
2024-12-03 12:28:43,088: INFO: API_logger: status code:422
2024-12-03 12:28:43,088: CRITICAL: API_logger: POST request failed:422 Client Error: Unknown Error for url: https://api-m.sandbox.paypal.com/v1/catalogs/products
2024-12-03 12:28:43,089: INFO: API_logger: Expected status code 201, but got 422
2024-12-03 12:28:43,089: CRITICAL: API_logger: Request failed: None
2024-12-03 12:28:43,632: INFO: API_logger: URL details:https://api-m.sandbox.paypal.com/v1/oauth2/token
2024-12-03 12:28:43,632: INFO: API_logger: Header details:{'Content-Type': 'application/json', 'prefer': 'return=representation', 'Authorization': 'Bearer <Utils.BaseClass.BaseClass object at 0x000001EE5BE8E420>'},None
2024-12-03 12:28:43,633: INFO: API_logger: Payload details:None
2024-12-03 12:28:43,633: INFO: API_logger: status code:200
2024-12-03 12:28:43,633: INFO: API_logger: A21AALH6mPOj0XwAncqG5f6N6wAOsWAhTbm0DMJOw9e_4irK0P4_3WLwTwNL_4lm2mqTTa_pWwLBh9Lc5aKe-K-osqeL-Cppg
2024-12-03 12:28:43,643: CRITICAL: API_logger: POST request failed:Out of range float values are not JSON compliant: nan
2024-12-03 12:28:43,643: CRITICAL: API_logger: Expected response, got None
2024-12-03 12:28:43,643: CRITICAL: API_logger: Request failed: None
2024-12-03 12:28:44,023: INFO: API_logger: URL details:https://api-m.sandbox.paypal.com/v1/oauth2/token
2024-12-03 12:28:44,024: INFO: API_logger: Header details:{'Content-Type': 'application/json', 'prefer': 'return=representation', 'Authorization': 'Bearer A21AALH6mPOj0XwAncqG5f6N6wAOsWAhTbm0DMJOw9e_4irK0P4_3WLwTwNL_4lm2mqTTa_pWwLBh9Lc5aKe-K-osqeL-Cppg'},None
2024-12-03 12:28:44,024: INFO: API_logger: Payload details:None
2024-12-03 12:28:44,025: INFO: API_logger: status code:200
2024-12-03 12:28:44,025: INFO: API_logger: A21AALH6mPOj0XwAncqG5f6N6wAOsWAhTbm0DMJOw9e_4irK0P4_3WLwTwNL_4lm2mqTTa_pWwLBh9Lc5aKe-K-osqeL-Cppg
2024-12-03 12:28:44,610: INFO: API_logger: URL details:https://api-m.sandbox.paypal.com/v1/catalogs/products
2024-12-03 12:28:44,611: INFO: API_logger: Header details:{'Content-Type': 'application/json', 'prefer': 'return=representation', 'Authorization': 'Bearer A21AALH6mPOj0XwAncqG5f6N6wAOsWAhTbm0DMJOw9e_4irK0P4_3WLwTwNL_4lm2mqTTa_pWwLBh9Lc5aKe-K-osqeL-Cppg'},None
2024-12-03 12:28:44,611: INFO: API_logger: Payload details:{'name': 'Kurtha', 'type': '5232342', 'id': 7654323456, 'description': 'Cotton XL', 'category': 'CLOTHING', 'image_url': 'https://example.com/gallary/images/7654323456.jpg', 'home_url': 'https://example.com/catalog/7654323456.jpg'}
2024-12-03 12:28:44,611: INFO: API_logger: status code:400
2024-12-03 12:28:44,611: CRITICAL: API_logger: POST request failed:400 Client Error: Bad Request for url: https://api-m.sandbox.paypal.com/v1/catalogs/products
2024-12-03 12:28:44,611: INFO: API_logger: Response JSON: {'name': 'INVALID_REQUEST', 'message': 'Request is not well-formed, syntactically incorrect, or violates schema.', 'debug_id': 'f135928714942', 'details': [{'field': '/type', 'value': '5232342', 'location': 'body', 'issue': 'INVALID_PARAMETER_VALUE', 'description': 'The value of a field is invalid.'}], 'links': [{'href': 'https://developer.paypal.com/docs/api/v1/billing/subscriptions#INVALID_REQUEST', 'rel': 'information_link', 'method': 'GET'}]}
2024-12-03 12:28:45,527: INFO: API_logger: URL details:https://api-m.sandbox.paypal.com/v1/oauth2/token
2024-12-03 12:28:45,527: INFO: API_logger: Header details:{'Content-Type': 'application/json', 'prefer': 'return=representation', 'Authorization': 'Bearer <Utils.BaseClass.BaseClass object at 0x000001EE5BE8E420>'},None
2024-12-03 12:28:45,528: INFO: API_logger: Payload details:None
2024-12-03 12:28:45,528: INFO: API_logger: status code:200
2024-12-03 12:28:45,528: INFO: API_logger: A21AALH6mPOj0XwAncqG5f6N6wAOsWAhTbm0DMJOw9e_4irK0P4_3WLwTwNL_4lm2mqTTa_pWwLBh9Lc5aKe-K-osqeL-Cppg
2024-12-03 12:28:46,414: INFO: API_logger: URL details:https://api-m.sandbox.paypal.com/v2/invoicing/generate-next-invoice-number
2024-12-03 12:28:46,414: INFO: API_logger: Header details:{'Content-Type': 'application/json', 'prefer': 'return=representation'},None
2024-12-03 12:28:46,415: INFO: API_logger: Payload details:None
2024-12-03 12:28:46,415: INFO: API_logger: status code:401
2024-12-03 12:28:46,415: CRITICAL: API_logger: POST request failed:401 Client Error: Unauthorized for url: https://api-m.sandbox.paypal.com/v2/invoicing/generate-next-invoice-number
2024-12-03 12:28:47,341: INFO: API_logger: URL details:https://api-m.sandbox.paypal.com/v1/oauth2/token
2024-12-03 12:28:47,341: INFO: API_logger: Header details:{'Content-Type': 'application/json', 'prefer': 'return=representation', 'Authorization': 'Bearer <Utils.BaseClass.BaseClass object at 0x000001EE5BE8E420>'},None
2024-12-03 12:28:47,342: INFO: API_logger: Payload details:None
2024-12-03 12:28:47,342: INFO: API_logger: status code:200
2024-12-03 12:28:47,342: INFO: API_logger: A21AALH6mPOj0XwAncqG5f6N6wAOsWAhTbm0DMJOw9e_4irK0P4_3WLwTwNL_4lm2mqTTa_pWwLBh9Lc5aKe-K-osqeL-Cppg
2024-12-03 12:28:48,449: INFO: API_logger: URL details:https://api-m.sandbox.paypal.com/v2/invoicing/invoices
2024-12-03 12:28:48,451: INFO: API_logger: List of invoice ID: ['INV2-BAMZ-SVPJ-AV46-TGNS', 'INV2-TXAT-JE5G-DDE5-GXZ6', 'INV2-WFGF-ZCMH-3CJ7-B9G8', 'INV2-LHTZ-QPLV-SXNG-V8P7', 'INV2-UKZQ-2JA5-5UG2-CZN8', 'INV2-GZDC-S554-PQNC-A4C2', 'INV2-G6SE-MXHD-MFH8-P7T5', 'INV2-6U42-GVXJ-9LUR-F2KY', 'INV2-GHYM-VA53-35E6-YUQ2', 'INV2-87KY-UH48-C9DM-95GU']
2024-12-03 12:28:48,452: INFO: API_logger: ID not present
