2024-12-02 16:20:12,282: INFO: API_logger: URL details:https://api-m.sandbox.paypal.com/v1/oauth2/token
2024-12-02 16:20:12,283: INFO: API_logger: Header details:{'Content-Type': 'application/json', 'prefer': 'return=representation'},None
2024-12-02 16:20:12,284: INFO: API_logger: Payload details:None
2024-12-02 16:20:12,284: INFO: API_logger: status code:200
2024-12-02 16:20:12,284: INFO: API_logger: A21AALU8Dd0pODFB23eQYNRLrOq9m-HQNdqIEV-btL8fqxfIgxJ1N7cxplFW9nTkwkzTb23mRgkATl4sTZa3PkUwt06wOzpKQ
2024-12-02 16:20:12,821: INFO: API_logger: URL details:https://api-m.sandbox.paypal.com/v1/catalogs/products
2024-12-02 16:20:12,821: INFO: API_logger: Header details:{'Content-Type': 'application/json', 'prefer': 'return=representation', 'Authorization': 'Bearer A21AALU8Dd0pODFB23eQYNRLrOq9m-HQNdqIEV-btL8fqxfIgxJ1N7cxplFW9nTkwkzTb23mRgkATl4sTZa3PkUwt06wOzpKQ'},None
2024-12-02 16:20:12,823: INFO: API_logger: Payload details:{'name': 'T-shirt', 'type': 'PHYSICAL', 'id': 2345678986, 'description': 'Cotton XL', 'category': 'CLOTHING', 'image_url': 'https://example.com/gallary/images/2345678986.jpg', 'home_url': 'https://example.com/catalog/2345678986.jpg'}
2024-12-02 16:20:12,823: INFO: API_logger: status code:422
2024-12-02 16:20:12,824: CRITICAL: API_logger: POST request failed:422 Client Error: Unknown Error for url: https://api-m.sandbox.paypal.com/v1/catalogs/products
2024-12-02 16:20:12,824: INFO: API_logger: Expected status code 201, but got 422
2024-12-02 16:20:12,825: CRITICAL: API_logger: Request failed: None
2024-12-02 16:20:13,411: INFO: API_logger: URL details:https://api-m.sandbox.paypal.com/v1/oauth2/token
2024-12-02 16:20:13,412: INFO: API_logger: Header details:{'Content-Type': 'application/json', 'prefer': 'return=representation', 'Authorization': 'Bearer <Utils.BaseClass.BaseClass object at 0x000002277FCD1B80>'},None
2024-12-02 16:20:13,412: INFO: API_logger: Payload details:None
2024-12-02 16:20:13,412: INFO: API_logger: status code:200
2024-12-02 16:20:13,412: INFO: API_logger: A21AALU8Dd0pODFB23eQYNRLrOq9m-HQNdqIEV-btL8fqxfIgxJ1N7cxplFW9nTkwkzTb23mRgkATl4sTZa3PkUwt06wOzpKQ
2024-12-02 16:20:13,418: CRITICAL: API_logger: POST request failed:Out of range float values are not JSON compliant: nan
2024-12-02 16:20:13,419: CRITICAL: API_logger: Expected response, got None
2024-12-02 16:20:13,419: CRITICAL: API_logger: Request failed: None
2024-12-02 16:20:13,789: INFO: API_logger: URL details:https://api-m.sandbox.paypal.com/v1/oauth2/token
2024-12-02 16:20:13,789: INFO: API_logger: Header details:{'Content-Type': 'application/json', 'prefer': 'return=representation', 'Authorization': 'Bearer A21AALU8Dd0pODFB23eQYNRLrOq9m-HQNdqIEV-btL8fqxfIgxJ1N7cxplFW9nTkwkzTb23mRgkATl4sTZa3PkUwt06wOzpKQ'},None
2024-12-02 16:20:13,789: INFO: API_logger: Payload details:None
2024-12-02 16:20:13,789: INFO: API_logger: status code:200
2024-12-02 16:20:13,790: INFO: API_logger: A21AALU8Dd0pODFB23eQYNRLrOq9m-HQNdqIEV-btL8fqxfIgxJ1N7cxplFW9nTkwkzTb23mRgkATl4sTZa3PkUwt06wOzpKQ
2024-12-02 16:20:14,329: INFO: API_logger: URL details:https://api-m.sandbox.paypal.com/v1/catalogs/products
2024-12-02 16:20:14,330: INFO: API_logger: Header details:{'Content-Type': 'application/json', 'prefer': 'return=representation', 'Authorization': 'Bearer A21AALU8Dd0pODFB23eQYNRLrOq9m-HQNdqIEV-btL8fqxfIgxJ1N7cxplFW9nTkwkzTb23mRgkATl4sTZa3PkUwt06wOzpKQ'},None
2024-12-02 16:20:14,331: INFO: API_logger: Payload details:{'name': 'Kurtha', 'type': '5232342', 'id': 7654323456, 'description': 'Cotton XL', 'category': 'CLOTHING', 'image_url': 'https://example.com/gallary/images/7654323456.jpg', 'home_url': 'https://example.com/catalog/7654323456.jpg'}
2024-12-02 16:20:14,331: INFO: API_logger: status code:400
2024-12-02 16:20:14,332: CRITICAL: API_logger: POST request failed:400 Client Error: Bad Request for url: https://api-m.sandbox.paypal.com/v1/catalogs/products
2024-12-02 16:20:14,332: INFO: API_logger: Response JSON: {'name': 'INVALID_REQUEST', 'message': 'Request is not well-formed, syntactically incorrect, or violates schema.', 'debug_id': 'f9003446d4a8e', 'details': [{'field': '/type', 'value': '5232342', 'location': 'body', 'issue': 'INVALID_PARAMETER_VALUE', 'description': 'The value of a field is invalid.'}], 'links': [{'href': 'https://developer.paypal.com/docs/api/v1/billing/subscriptions#INVALID_REQUEST', 'rel': 'information_link', 'method': 'GET'}]}
