2024-12-02 14:35:04,092: INFO: API_logger: URL details:https://api-m.sandbox.paypal.com/v1/oauth2/token
2024-12-02 14:35:04,094: INFO: API_logger: Header details:{'Content-Type': 'application/json', 'prefer': 'return=representation'},None
2024-12-02 14:35:04,095: INFO: API_logger: Payload details:None
2024-12-02 14:35:04,095: INFO: API_logger: status code:200
2024-12-02 14:35:04,098: INFO: API_logger: A21AAL9DSNuiRdZzKvVulRblwmY4kWObXbZnwsiyPe0-WRCJJmlm139whOSAI-ZG5Vx7xkN4LmVuEoylZesOgpkDC46Tr7Zlg
2024-12-02 14:35:05,270: INFO: API_logger: URL details:https://api-m.sandbox.paypal.com/v1/catalogs/products
2024-12-02 14:35:05,271: INFO: API_logger: Header details:{'Content-Type': 'application/json', 'prefer': 'return=representation', 'Authorization': 'Bearer A21AAL9DSNuiRdZzKvVulRblwmY4kWObXbZnwsiyPe0-WRCJJmlm139whOSAI-ZG5Vx7xkN4LmVuEoylZesOgpkDC46Tr7Zlg'},None
2024-12-02 14:35:05,275: INFO: API_logger: Payload details:{'name': 'T-shirt', 'type': 'PHYSICAL', 'id': 2345678986, 'description': 'Cotton XL', 'category': 'CLOTHING', 'image_url': 'https://example.com/gallary/images/2345678986.jpg', 'home_url': 'https://example.com/catalog/2345678986.jpg'}
2024-12-02 14:35:05,276: INFO: API_logger: status code:201
2024-12-02 14:35:05,277: INFO: API_logger: Response JSON: {'id': '2345678986', 'name': 'T-shirt', 'description': 'Cotton XL', 'type': 'PHYSICAL', 'category': 'CLOTHING', 'image_url': 'https://example.com/gallary/images/2345678986.jpg', 'home_url': 'https://example.com/catalog/2345678986.jpg', 'create_time': '2024-12-02T09:05:23Z', 'update_time': '2024-12-02T09:05:23Z', 'links': [{'href': 'https://api.sandbox.paypal.com/v1/catalogs/products/2345678986', 'rel': 'self', 'method': 'GET'}, {'href': 'https://api.sandbox.paypal.com/v1/catalogs/products/2345678986', 'rel': 'edit', 'method': 'PATCH'}]}
2024-12-02 14:35:06,232: INFO: API_logger: URL details:https://api-m.sandbox.paypal.com/v1/oauth2/token
2024-12-02 14:35:06,234: INFO: API_logger: Header details:{'Content-Type': 'application/json', 'prefer': 'return=representation', 'Authorization': 'Bearer <Utils.BaseClass.BaseClass object at 0x000001AEEC7DD670>'},None
2024-12-02 14:35:06,234: INFO: API_logger: Payload details:None
2024-12-02 14:35:06,235: INFO: API_logger: status code:200
2024-12-02 14:35:06,236: INFO: API_logger: A21AAL9DSNuiRdZzKvVulRblwmY4kWObXbZnwsiyPe0-WRCJJmlm139whOSAI-ZG5Vx7xkN4LmVuEoylZesOgpkDC46Tr7Zlg
2024-12-02 14:35:06,261: CRITICAL: API_logger: POST request failed:Out of range float values are not JSON compliant: nan
2024-12-02 14:35:06,262: CRITICAL: API_logger: Expected response, got None
2024-12-02 14:35:06,263: CRITICAL: API_logger: Request failed: None
2024-12-02 14:35:08,155: INFO: API_logger: URL details:https://api-m.sandbox.paypal.com/v1/oauth2/token
2024-12-02 14:35:08,156: INFO: API_logger: Header details:{'Content-Type': 'application/json', 'prefer': 'return=representation', 'Authorization': 'Bearer A21AAL9DSNuiRdZzKvVulRblwmY4kWObXbZnwsiyPe0-WRCJJmlm139whOSAI-ZG5Vx7xkN4LmVuEoylZesOgpkDC46Tr7Zlg'},None
2024-12-02 14:35:08,157: INFO: API_logger: Payload details:None
2024-12-02 14:35:08,158: INFO: API_logger: status code:200
2024-12-02 14:35:08,159: INFO: API_logger: A21AAL9DSNuiRdZzKvVulRblwmY4kWObXbZnwsiyPe0-WRCJJmlm139whOSAI-ZG5Vx7xkN4LmVuEoylZesOgpkDC46Tr7Zlg
2024-12-02 14:35:09,260: INFO: API_logger: URL details:https://api-m.sandbox.paypal.com/v1/catalogs/products
2024-12-02 14:35:09,261: INFO: API_logger: Header details:{'Content-Type': 'application/json', 'prefer': 'return=representation', 'Authorization': 'Bearer A21AAL9DSNuiRdZzKvVulRblwmY4kWObXbZnwsiyPe0-WRCJJmlm139whOSAI-ZG5Vx7xkN4LmVuEoylZesOgpkDC46Tr7Zlg'},None
2024-12-02 14:35:09,262: INFO: API_logger: Payload details:{'name': 'Kurtha', 'type': '5232342', 'id': 7654323456, 'description': 'Cotton XL', 'category': 'CLOTHING', 'image_url': 'https://example.com/gallary/images/7654323456.jpg', 'home_url': 'https://example.com/catalog/7654323456.jpg'}
2024-12-02 14:35:09,263: INFO: API_logger: status code:400
2024-12-02 14:35:09,265: CRITICAL: API_logger: POST request failed:400 Client Error: Bad Request for url: https://api-m.sandbox.paypal.com/v1/catalogs/products
2024-12-02 14:35:09,266: INFO: API_logger: Response JSON: {'name': 'INVALID_REQUEST', 'message': 'Request is not well-formed, syntactically incorrect, or violates schema.', 'debug_id': 'f73467008e25f', 'details': [{'field': '/type', 'value': '5232342', 'location': 'body', 'issue': 'INVALID_PARAMETER_VALUE', 'description': 'The value of a field is invalid.'}], 'links': [{'href': 'https://developer.paypal.com/docs/api/v1/billing/subscriptions#INVALID_REQUEST', 'rel': 'information_link', 'method': 'GET'}]}
